19:41:54 **** Build of configuration Debug for project cansat_payload22-23 ****
make -j16 all 
arm-none-eabi-gcc "../Drivers/STM32F1xx_HAL_Driver/Src/stm32f1xx_hal.c" -mcpu=cortex-m3 -std=gnu11 -g3 -DDEBUG -DUSE_HAL_DRIVER -DSTM32F103xB -c -I../Core/Inc -I../Drivers/STM32F1xx_HAL_Driver/Inc/Legacy -I../Drivers/STM32F1xx_HAL_Driver/Inc -I../Drivers/CMSIS/Device/ST/STM32F1xx/Include -I../Drivers/CMSIS/Include -O0 -ffunction-sections -fdata-sections -Wall -fstack-usage -MMD -MP -MF"Drivers/STM32F1xx_HAL_Driver/Src/stm32f1xx_hal.d" -MT"Drivers/STM32F1xx_HAL_Driver/Src/stm32f1xx_hal.o" --specs=nano.specs -mfloat-abi=soft -mthumb -o "Drivers/STM32F1xx_HAL_Driver/Src/stm32f1xx_hal.o"
arm-none-eabi-gcc "../Drivers/STM32F1xx_HAL_Driver/Src/stm32f1xx_hal_cortex.c" -mcpu=cortex-m3 -std=gnu11 -g3 -DDEBUG -DUSE_HAL_DRIVER -DSTM32F103xB -c -I../Core/Inc -I../Drivers/STM32F1xx_HAL_Driver/Inc/Legacy -I../Drivers/STM32F1xx_HAL_Driver/Inc -I../Drivers/CMSIS/Device/ST/STM32F1xx/Include -I../Drivers/CMSIS/Include -O0 -ffunction-sections -fdata-sections -Wall -fstack-usage -MMD -MP -MF"Drivers/STM32F1xx_HAL_Driver/Src/stm32f1xx_hal_cortex.d" -MT"Drivers/STM32F1xx_HAL_Driver/Src/stm32f1xx_hal_cortex.o" --specs=nano.specs -mfloat-abi=soft -mthumb -o "Drivers/STM32F1xx_HAL_Driver/Src/stm32f1xx_hal_cortex.o"
arm-none-eabi-gcc "../Drivers/STM32F1xx_HAL_Driver/Src/stm32f1xx_hal_dma.c" -mcpu=cortex-m3 -std=gnu11 -g3 -DDEBUG -DUSE_HAL_DRIVER -DSTM32F103xB -c -I../Core/Inc -I../Drivers/STM32F1xx_HAL_Driver/Inc/Legacy -I../Drivers/STM32F1xx_HAL_Driver/Inc -I../Drivers/CMSIS/Device/ST/STM32F1xx/Include -I../Drivers/CMSIS/Include -O0 -ffunction-sections -fdata-sections -Wall -fstack-usage -MMD -MP -MF"Drivers/STM32F1xx_HAL_Driver/Src/stm32f1xx_hal_dma.d" -MT"Drivers/STM32F1xx_HAL_Driver/Src/stm32f1xx_hal_dma.o" --specs=nano.specs -mfloat-abi=soft -mthumb -o "Drivers/STM32F1xx_HAL_Driver/Src/stm32f1xx_hal_dma.o"
arm-none-eabi-gcc "../Drivers/STM32F1xx_HAL_Driver/Src/stm32f1xx_hal_exti.c" -mcpu=cortex-m3 -std=gnu11 -g3 -DDEBUG -DUSE_HAL_DRIVER -DSTM32F103xB -c -I../Core/Inc -I../Drivers/STM32F1xx_HAL_Driver/Inc/Legacy -I../Drivers/STM32F1xx_HAL_Driver/Inc -I../Drivers/CMSIS/Device/ST/STM32F1xx/Include -I../Drivers/CMSIS/Include -O0 -ffunction-sections -fdata-sections -Wall -fstack-usage -MMD -MP -MF"Drivers/STM32F1xx_HAL_Driver/Src/stm32f1xx_hal_exti.d" -MT"Drivers/STM32F1xx_HAL_Driver/Src/stm32f1xx_hal_exti.o" --specs=nano.specs -mfloat-abi=soft -mthumb -o "Drivers/STM32F1xx_HAL_Driver/Src/stm32f1xx_hal_exti.o"
arm-none-eabi-gcc "../Drivers/STM32F1xx_HAL_Driver/Src/stm32f1xx_hal_flash.c" -mcpu=cortex-m3 -std=gnu11 -g3 -DDEBUG -DUSE_HAL_DRIVER -DSTM32F103xB -c -I../Core/Inc -I../Drivers/STM32F1xx_HAL_Driver/Inc/Legacy -I../Drivers/STM32F1xx_HAL_Driver/Inc -I../Drivers/CMSIS/Device/ST/STM32F1xx/Include -I../Drivers/CMSIS/Include -O0 -ffunction-sections -fdata-sections -Wall -fstack-usage -MMD -MP -MF"Drivers/STM32F1xx_HAL_Driver/Src/stm32f1xx_hal_flash.d" -MT"Drivers/STM32F1xx_HAL_Driver/Src/stm32f1xx_hal_flash.o" --specs=nano.specs -mfloat-abi=soft -mthumb -o "Drivers/STM32F1xx_HAL_Driver/Src/stm32f1xx_hal_flash.o"
arm-none-eabi-gcc "../Drivers/STM32F1xx_HAL_Driver/Src/stm32f1xx_hal_flash_ex.c" -mcpu=cortex-m3 -std=gnu11 -g3 -DDEBUG -DUSE_HAL_DRIVER -DSTM32F103xB -c -I../Core/Inc -I../Drivers/STM32F1xx_HAL_Driver/Inc/Legacy -I../Drivers/STM32F1xx_HAL_Driver/Inc -I../Drivers/CMSIS/Device/ST/STM32F1xx/Include -I../Drivers/CMSIS/Include -O0 -ffunction-sections -fdata-sections -Wall -fstack-usage -MMD -MP -MF"Drivers/STM32F1xx_HAL_Driver/Src/stm32f1xx_hal_flash_ex.d" -MT"Drivers/STM32F1xx_HAL_Driver/Src/stm32f1xx_hal_flash_ex.o" --specs=nano.specs -mfloat-abi=soft -mthumb -o "Drivers/STM32F1xx_HAL_Driver/Src/stm32f1xx_hal_flash_ex.o"
arm-none-eabi-gcc "../Drivers/STM32F1xx_HAL_Driver/Src/stm32f1xx_hal_gpio.c" -mcpu=cortex-m3 -std=gnu11 -g3 -DDEBUG -DUSE_HAL_DRIVER -DSTM32F103xB -c -I../Core/Inc -I../Drivers/STM32F1xx_HAL_Driver/Inc/Legacy -I../Drivers/STM32F1xx_HAL_Driver/Inc -I../Drivers/CMSIS/Device/ST/STM32F1xx/Include -I../Drivers/CMSIS/Include -O0 -ffunction-sections -fdata-sections -Wall -fstack-usage -MMD -MP -MF"Drivers/STM32F1xx_HAL_Driver/Src/stm32f1xx_hal_gpio.d" -MT"Drivers/STM32F1xx_HAL_Driver/Src/stm32f1xx_hal_gpio.o" --specs=nano.specs -mfloat-abi=soft -mthumb -o "Drivers/STM32F1xx_HAL_Driver/Src/stm32f1xx_hal_gpio.o"
arm-none-eabi-gcc "../Drivers/STM32F1xx_HAL_Driver/Src/stm32f1xx_hal_gpio_ex.c" -mcpu=cortex-m3 -std=gnu11 -g3 -DDEBUG -DUSE_HAL_DRIVER -DSTM32F103xB -c -I../Core/Inc -I../Drivers/STM32F1xx_HAL_Driver/Inc/Legacy -I../Drivers/STM32F1xx_HAL_Driver/Inc -I../Drivers/CMSIS/Device/ST/STM32F1xx/Include -I../Drivers/CMSIS/Include -O0 -ffunction-sections -fdata-sections -Wall -fstack-usage -MMD -MP -MF"Drivers/STM32F1xx_HAL_Driver/Src/stm32f1xx_hal_gpio_ex.d" -MT"Drivers/STM32F1xx_HAL_Driver/Src/stm32f1xx_hal_gpio_ex.o" --specs=nano.specs -mfloat-abi=soft -mthumb -o "Drivers/STM32F1xx_HAL_Driver/Src/stm32f1xx_hal_gpio_ex.o"
arm-none-eabi-gcc "../Drivers/STM32F1xx_HAL_Driver/Src/stm32f1xx_hal_i2c.c" -mcpu=cortex-m3 -std=gnu11 -g3 -DDEBUG -DUSE_HAL_DRIVER -DSTM32F103xB -c -I../Core/Inc -I../Drivers/STM32F1xx_HAL_Driver/Inc/Legacy -I../Drivers/STM32F1xx_HAL_Driver/Inc -I../Drivers/CMSIS/Device/ST/STM32F1xx/Include -I../Drivers/CMSIS/Include -O0 -ffunction-sections -fdata-sections -Wall -fstack-usage -MMD -MP -MF"Drivers/STM32F1xx_HAL_Driver/Src/stm32f1xx_hal_i2c.d" -MT"Drivers/STM32F1xx_HAL_Driver/Src/stm32f1xx_hal_i2c.o" --specs=nano.specs -mfloat-abi=soft -mthumb -o "Drivers/STM32F1xx_HAL_Driver/Src/stm32f1xx_hal_i2c.o"
arm-none-eabi-gcc "../Drivers/STM32F1xx_HAL_Driver/Src/stm32f1xx_hal_pwr.c" -mcpu=cortex-m3 -std=gnu11 -g3 -DDEBUG -DUSE_HAL_DRIVER -DSTM32F103xB -c -I../Core/Inc -I../Drivers/STM32F1xx_HAL_Driver/Inc/Legacy -I../Drivers/STM32F1xx_HAL_Driver/Inc -I../Drivers/CMSIS/Device/ST/STM32F1xx/Include -I../Drivers/CMSIS/Include -O0 -ffunction-sections -fdata-sections -Wall -fstack-usage -MMD -MP -MF"Drivers/STM32F1xx_HAL_Driver/Src/stm32f1xx_hal_pwr.d" -MT"Drivers/STM32F1xx_HAL_Driver/Src/stm32f1xx_hal_pwr.o" --specs=nano.specs -mfloat-abi=soft -mthumb -o "Drivers/STM32F1xx_HAL_Driver/Src/stm32f1xx_hal_pwr.o"
arm-none-eabi-gcc "../Drivers/STM32F1xx_HAL_Driver/Src/stm32f1xx_hal_rcc.c" -mcpu=cortex-m3 -std=gnu11 -g3 -DDEBUG -DUSE_HAL_DRIVER -DSTM32F103xB -c -I../Core/Inc -I../Drivers/STM32F1xx_HAL_Driver/Inc/Legacy -I../Drivers/STM32F1xx_HAL_Driver/Inc -I../Drivers/CMSIS/Device/ST/STM32F1xx/Include -I../Drivers/CMSIS/Include -O0 -ffunction-sections -fdata-sections -Wall -fstack-usage -MMD -MP -MF"Drivers/STM32F1xx_HAL_Driver/Src/stm32f1xx_hal_rcc.d" -MT"Drivers/STM32F1xx_HAL_Driver/Src/stm32f1xx_hal_rcc.o" --specs=nano.specs -mfloat-abi=soft -mthumb -o "Drivers/STM32F1xx_HAL_Driver/Src/stm32f1xx_hal_rcc.o"
arm-none-eabi-gcc "../Drivers/STM32F1xx_HAL_Driver/Src/stm32f1xx_hal_rcc_ex.c" -mcpu=cortex-m3 -std=gnu11 -g3 -DDEBUG -DUSE_HAL_DRIVER -DSTM32F103xB -c -I../Core/Inc -I../Drivers/STM32F1xx_HAL_Driver/Inc/Legacy -I../Drivers/STM32F1xx_HAL_Driver/Inc -I../Drivers/CMSIS/Device/ST/STM32F1xx/Include -I../Drivers/CMSIS/Include -O0 -ffunction-sections -fdata-sections -Wall -fstack-usage -MMD -MP -MF"Drivers/STM32F1xx_HAL_Driver/Src/stm32f1xx_hal_rcc_ex.d" -MT"Drivers/STM32F1xx_HAL_Driver/Src/stm32f1xx_hal_rcc_ex.o" --specs=nano.specs -mfloat-abi=soft -mthumb -o "Drivers/STM32F1xx_HAL_Driver/Src/stm32f1xx_hal_rcc_ex.o"
arm-none-eabi-gcc "../Drivers/STM32F1xx_HAL_Driver/Src/stm32f1xx_hal_tim.c" -mcpu=cortex-m3 -std=gnu11 -g3 -DDEBUG -DUSE_HAL_DRIVER -DSTM32F103xB -c -I../Core/Inc -I../Drivers/STM32F1xx_HAL_Driver/Inc/Legacy -I../Drivers/STM32F1xx_HAL_Driver/Inc -I../Drivers/CMSIS/Device/ST/STM32F1xx/Include -I../Drivers/CMSIS/Include -O0 -ffunction-sections -fdata-sections -Wall -fstack-usage -MMD -MP -MF"Drivers/STM32F1xx_HAL_Driver/Src/stm32f1xx_hal_tim.d" -MT"Drivers/STM32F1xx_HAL_Driver/Src/stm32f1xx_hal_tim.o" --specs=nano.specs -mfloat-abi=soft -mthumb -o "Drivers/STM32F1xx_HAL_Driver/Src/stm32f1xx_hal_tim.o"
arm-none-eabi-gcc "../Drivers/STM32F1xx_HAL_Driver/Src/stm32f1xx_hal_tim_ex.c" -mcpu=cortex-m3 -std=gnu11 -g3 -DDEBUG -DUSE_HAL_DRIVER -DSTM32F103xB -c -I../Core/Inc -I../Drivers/STM32F1xx_HAL_Driver/Inc/Legacy -I../Drivers/STM32F1xx_HAL_Driver/Inc -I../Drivers/CMSIS/Device/ST/STM32F1xx/Include -I../Drivers/CMSIS/Include -O0 -ffunction-sections -fdata-sections -Wall -fstack-usage -MMD -MP -MF"Drivers/STM32F1xx_HAL_Driver/Src/stm32f1xx_hal_tim_ex.d" -MT"Drivers/STM32F1xx_HAL_Driver/Src/stm32f1xx_hal_tim_ex.o" --specs=nano.specs -mfloat-abi=soft -mthumb -o "Drivers/STM32F1xx_HAL_Driver/Src/stm32f1xx_hal_tim_ex.o"
arm-none-eabi-gcc "../Drivers/STM32F1xx_HAL_Driver/Src/stm32f1xx_hal_uart.c" -mcpu=cortex-m3 -std=gnu11 -g3 -DDEBUG -DUSE_HAL_DRIVER -DSTM32F103xB -c -I../Core/Inc -I../Drivers/STM32F1xx_HAL_Driver/Inc/Legacy -I../Drivers/STM32F1xx_HAL_Driver/Inc -I../Drivers/CMSIS/Device/ST/STM32F1xx/Include -I../Drivers/CMSIS/Include -O0 -ffunction-sections -fdata-sections -Wall -fstack-usage -MMD -MP -MF"Drivers/STM32F1xx_HAL_Driver/Src/stm32f1xx_hal_uart.d" -MT"Drivers/STM32F1xx_HAL_Driver/Src/stm32f1xx_hal_uart.o" --specs=nano.specs -mfloat-abi=soft -mthumb -o "Drivers/STM32F1xx_HAL_Driver/Src/stm32f1xx_hal_uart.o"
arm-none-eabi-gcc -mcpu=cortex-m3 -g3 -DDEBUG -c -x assembler-with-cpp -MMD -MP -MF"Core/Startup/startup_stm32f103c8tx.d" -MT"Core/Startup/startup_stm32f103c8tx.o" --specs=nano.specs -mfloat-abi=soft -mthumb -o "Core/Startup/startup_stm32f103c8tx.o" "../Core/Startup/startup_stm32f103c8tx.s"
arm-none-eabi-gcc "../Core/Src/bme280.c" -mcpu=cortex-m3 -std=gnu11 -g3 -DDEBUG -DUSE_HAL_DRIVER -DSTM32F103xB -c -I../Core/Inc -I../Drivers/STM32F1xx_HAL_Driver/Inc/Legacy -I../Drivers/STM32F1xx_HAL_Driver/Inc -I../Drivers/CMSIS/Device/ST/STM32F1xx/Include -I../Drivers/CMSIS/Include -O0 -ffunction-sections -fdata-sections -Wall -fstack-usage -MMD -MP -MF"Core/Src/bme280.d" -MT"Core/Src/bme280.o" --specs=nano.specs -mfloat-abi=soft -mthumb -o "Core/Src/bme280.o"
arm-none-eabi-gcc "../Core/Src/main.c" -mcpu=cortex-m3 -std=gnu11 -g3 -DDEBUG -DUSE_HAL_DRIVER -DSTM32F103xB -c -I../Core/Inc -I../Drivers/STM32F1xx_HAL_Driver/Inc/Legacy -I../Drivers/STM32F1xx_HAL_Driver/Inc -I../Drivers/CMSIS/Device/ST/STM32F1xx/Include -I../Drivers/CMSIS/Include -O0 -ffunction-sections -fdata-sections -Wall -fstack-usage -MMD -MP -MF"Core/Src/main.d" -MT"Core/Src/main.o" --specs=nano.specs -mfloat-abi=soft -mthumb -o "Core/Src/main.o"
arm-none-eabi-gcc "../Core/Src/mission_data.c" -mcpu=cortex-m3 -std=gnu11 -g3 -DDEBUG -DUSE_HAL_DRIVER -DSTM32F103xB -c -I../Core/Inc -I../Drivers/STM32F1xx_HAL_Driver/Inc/Legacy -I../Drivers/STM32F1xx_HAL_Driver/Inc -I../Drivers/CMSIS/Device/ST/STM32F1xx/Include -I../Drivers/CMSIS/Include -O0 -ffunction-sections -fdata-sections -Wall -fstack-usage -MMD -MP -MF"Core/Src/mission_data.d" -MT"Core/Src/mission_data.o" --specs=nano.specs -mfloat-abi=soft -mthumb -o "Core/Src/mission_data.o"
arm-none-eabi-gcc "../Core/Src/mpu6050.c" -mcpu=cortex-m3 -std=gnu11 -g3 -DDEBUG -DUSE_HAL_DRIVER -DSTM32F103xB -c -I../Core/Inc -I../Drivers/STM32F1xx_HAL_Driver/Inc/Legacy -I../Drivers/STM32F1xx_HAL_Driver/Inc -I../Drivers/CMSIS/Device/ST/STM32F1xx/Include -I../Drivers/CMSIS/Include -O0 -ffunction-sections -fdata-sections -Wall -fstack-usage -MMD -MP -MF"Core/Src/mpu6050.d" -MT"Core/Src/mpu6050.o" --specs=nano.specs -mfloat-abi=soft -mthumb -o "Core/Src/mpu6050.o"
arm-none-eabi-gcc "../Core/Src/stm32f1xx_hal_msp.c" -mcpu=cortex-m3 -std=gnu11 -g3 -DDEBUG -DUSE_HAL_DRIVER -DSTM32F103xB -c -I../Core/Inc -I../Drivers/STM32F1xx_HAL_Driver/Inc/Legacy -I../Drivers/STM32F1xx_HAL_Driver/Inc -I../Drivers/CMSIS/Device/ST/STM32F1xx/Include -I../Drivers/CMSIS/Include -O0 -ffunction-sections -fdata-sections -Wall -fstack-usage -MMD -MP -MF"Core/Src/stm32f1xx_hal_msp.d" -MT"Core/Src/stm32f1xx_hal_msp.o" --specs=nano.specs -mfloat-abi=soft -mthumb -o "Core/Src/stm32f1xx_hal_msp.o"
arm-none-eabi-gcc "../Core/Src/stm32f1xx_it.c" -mcpu=cortex-m3 -std=gnu11 -g3 -DDEBUG -DUSE_HAL_DRIVER -DSTM32F103xB -c -I../Core/Inc -I../Drivers/STM32F1xx_HAL_Driver/Inc/Legacy -I../Drivers/STM32F1xx_HAL_Driver/Inc -I../Drivers/CMSIS/Device/ST/STM32F1xx/Include -I../Drivers/CMSIS/Include -O0 -ffunction-sections -fdata-sections -Wall -fstack-usage -MMD -MP -MF"Core/Src/stm32f1xx_it.d" -MT"Core/Src/stm32f1xx_it.o" --specs=nano.specs -mfloat-abi=soft -mthumb -o "Core/Src/stm32f1xx_it.o"
arm-none-eabi-gcc "../Core/Src/syscalls.c" -mcpu=cortex-m3 -std=gnu11 -g3 -DDEBUG -DUSE_HAL_DRIVER -DSTM32F103xB -c -I../Core/Inc -I../Drivers/STM32F1xx_HAL_Driver/Inc/Legacy -I../Drivers/STM32F1xx_HAL_Driver/Inc -I../Drivers/CMSIS/Device/ST/STM32F1xx/Include -I../Drivers/CMSIS/Include -O0 -ffunction-sections -fdata-sections -Wall -fstack-usage -MMD -MP -MF"Core/Src/syscalls.d" -MT"Core/Src/syscalls.o" --specs=nano.specs -mfloat-abi=soft -mthumb -o "Core/Src/syscalls.o"
arm-none-eabi-gcc "../Core/Src/sysmem.c" -mcpu=cortex-m3 -std=gnu11 -g3 -DDEBUG -DUSE_HAL_DRIVER -DSTM32F103xB -c -I../Core/Inc -I../Drivers/STM32F1xx_HAL_Driver/Inc/Legacy -I../Drivers/STM32F1xx_HAL_Driver/Inc -I../Drivers/CMSIS/Device/ST/STM32F1xx/Include -I../Drivers/CMSIS/Include -O0 -ffunction-sections -fdata-sections -Wall -fstack-usage -MMD -MP -MF"Core/Src/sysmem.d" -MT"Core/Src/sysmem.o" --specs=nano.specs -mfloat-abi=soft -mthumb -o "Core/Src/sysmem.o"
arm-none-eabi-gcc "../Core/Src/system_stm32f1xx.c" -mcpu=cortex-m3 -std=gnu11 -g3 -DDEBUG -DUSE_HAL_DRIVER -DSTM32F103xB -c -I../Core/Inc -I../Drivers/STM32F1xx_HAL_Driver/Inc/Legacy -I../Drivers/STM32F1xx_HAL_Driver/Inc -I../Drivers/CMSIS/Device/ST/STM32F1xx/Include -I../Drivers/CMSIS/Include -O0 -ffunction-sections -fdata-sections -Wall -fstack-usage -MMD -MP -MF"Core/Src/system_stm32f1xx.d" -MT"Core/Src/system_stm32f1xx.o" --specs=nano.specs -mfloat-abi=soft -mthumb -o "Core/Src/system_stm32f1xx.o"
arm-none-eabi-gcc "../Core/Src/zig.c" -mcpu=cortex-m3 -std=gnu11 -g3 -DDEBUG -DUSE_HAL_DRIVER -DSTM32F103xB -c -I../Core/Inc -I../Drivers/STM32F1xx_HAL_Driver/Inc/Legacy -I../Drivers/STM32F1xx_HAL_Driver/Inc -I../Drivers/CMSIS/Device/ST/STM32F1xx/Include -I../Drivers/CMSIS/Include -O0 -ffunction-sections -fdata-sections -Wall -fstack-usage -MMD -MP -MF"Core/Src/zig.d" -MT"Core/Src/zig.o" --specs=nano.specs -mfloat-abi=soft -mthumb -o "Core/Src/zig.o"
../Core/Src/main.c:87:1: warning: useless storage class specifier in empty declaration
   87 | };
      | ^
../Core/Src/main.c: In function 'main':
../Core/Src/main.c:222:25: error: 'I2C_SDA_Pin' undeclared (first use in this function)
  222 |   GPIO_InitStruct.Pin = I2C_SDA_Pin | I2C_SCL_Pin;
      |                         ^~~~~~~~~~~
../Core/Src/main.c:222:25: note: each undeclared identifier is reported only once for each function it appears in
../Core/Src/main.c:222:39: error: 'I2C_SCL_Pin' undeclared (first use in this function)
  222 |   GPIO_InitStruct.Pin = I2C_SDA_Pin | I2C_SCL_Pin;
      |                                       ^~~~~~~~~~~
../Core/Src/main.c:228:26: error: 'htim1' undeclared (first use in this function); did you mean 'htim2'?
  228 |   HAL_TIM_Base_Start_IT(&htim1);
      |                          ^~~~~
      |                          htim2
../Core/Src/main.c:236:26: error: 'htim3' undeclared (first use in this function); did you mean 'htim2'?
  236 |   HAL_TIM_Base_Start_IT(&htim3);
      |                          ^~~~~
      |                          htim2
../Core/Src/main.c:265:22: error: 'bme280_read' undeclared (first use in this function); did you mean 'bme280_d'?
  265 |      bme280_d.read = bme280_read;
      |                      ^~~~~~~~~~~
      |                      bme280_d
../Core/Src/main.c:266:23: error: 'bme280_write' undeclared (first use in this function); did you mean 'bme280_init'?
  266 |      bme280_d.write = bme280_write;
      |                       ^~~~~~~~~~~~
      |                       bme280_init
../Core/Src/main.c:267:26: error: 'delay_test' undeclared (first use in this function)
  267 |      bme280_d.delay_us = delay_test;
      |                          ^~~~~~~~~~
../Core/Src/main.c:273:18: warning: passing argument 1 of 'bme280_init' discards 'volatile' qualifier from pointer target type [-Wdiscarded-qualifiers]
  273 |      bme280_init(&bme280_d);
      |                  ^~~~~~~~~
In file included from ../Core/Src/main.c:24:
../Core/Inc/bme280.h:85:39: note: expected 'struct bme280_dev *' but argument is of type 'volatile struct bme280_dev *'
   85 | int8_t bme280_init(struct bme280_dev *dev);
      |                    ~~~~~~~~~~~~~~~~~~~^~~
../Core/Src/main.c:276:3: warning: implicit declaration of function 'stream_bme280_data_normal_mode' [-Wimplicit-function-declaration]
  276 |   stream_bme280_data_normal_mode(&bme280_d);
      |   ^~~~~~~~~~~~~~~~~~~~~~~~~~~~~~
../Core/Src/main.c:306:6: warning: implicit declaration of function 'readSensors' [-Wimplicit-function-declaration]
  306 |      readSensors(&mission_data);
      |      ^~~~~~~~~~~
../Core/Src/main.c:307:15: warning: unused variable 'test_1' [-Wunused-variable]
  307 |      uint32_t test_1 = TIM1->CCR1;
      |               ^~~~~~
../Core/Src/main.c:269:14: warning: unused variable 'check' [-Wunused-variable]
  269 |      uint8_t check,data;
      |              ^~~~~
At top level:
../Core/Src/main.c:135:16: warning: 'lastMessage' defined but not used [-Wunused-variable]
  135 | static uint8_t lastMessage[128];
      |                ^~~~~~~~~~~
../Core/Src/main.c:134:16: warning: 'temp_gps' defined but not used [-Wunused-variable]
  134 | static uint8_t temp_gps[280];
      |                ^~~~~~~~
../Core/Src/main.c:133:16: warning: 'buffer_gps' defined but not used [-Wunused-variable]
  133 | static uint8_t buffer_gps[128];
      |                ^~~~~~~~~~
../Core/Src/main.c:125:14: warning: 'sim_altitude_history' defined but not used [-Wunused-variable]
  125 | static float sim_altitude_history[5];
      |              ^~~~~~~~~~~~~~~~~~~~
../Core/Src/main.c:124:14: warning: 'altitude_history' defined but not used [-Wunused-variable]
  124 | static float altitude_history[5];
      |              ^~~~~~~~~~~~~~~~
../Core/Src/main.c:98:15: warning: 'simp' defined but not used [-Wunused-variable]
   98 | static char * simp = "SIMP";
      |               ^~~~
../Core/Src/main.c:97:15: warning: 'sp_telemetry' defined but not used [-Wunused-variable]
   97 | static char * sp_telemetry = "%d,%s,%d,%s,%s,%s,%s\n";
      |               ^~~~~~~~~~~~
../Core/Src/main.c:96:15: warning: 'container_telemetry' defined but not used [-Wunused-variable]
   96 | static char * container_telemetry = "%d,%s,%d,%c,%c,%c,%s,%s,%s,%s,%s,%s,%s,%s,%s,%d,%s\n";
      |               ^~~~~~~~~~~~~~~~~~~
../Core/Src/main.c:95:15: warning: 'time_format' defined but not used [-Wunused-variable]
   95 | static char * time_format = "%02d:%02d:%02d";
      |               ^~~~~~~~~~~
make: *** [Core/Src/subdir.mk:46: Core/Src/main.o] Error 1
make: *** Waiting for unfinished jobs....
"make -j16 all" terminated with exit code 2. Build might be incomplete.
21:45:39 **** Build of configuration Debug for project payload_test22-23 ****
make -j16 all 
arm-none-eabi-gcc "../Drivers/STM32F1xx_HAL_Driver/Src/stm32f1xx_hal.c" -mcpu=cortex-m3 -std=gnu11 -g3 -DDEBUG -DUSE_HAL_DRIVER -DSTM32F103xB -c -I../Core/Inc -I../Drivers/STM32F1xx_HAL_Driver/Inc -I../Drivers/STM32F1xx_HAL_Driver/Inc/Legacy -I../Drivers/CMSIS/Device/ST/STM32F1xx/Include -I../Drivers/CMSIS/Include -O0 -ffunction-sections -fdata-sections -Wall -fstack-usage -MMD -MP -MF"Drivers/STM32F1xx_HAL_Driver/Src/stm32f1xx_hal.d" -MT"Drivers/STM32F1xx_HAL_Driver/Src/stm32f1xx_hal.o" --specs=nano.specs -mfloat-abi=soft -mthumb -o "Drivers/STM32F1xx_HAL_Driver/Src/stm32f1xx_hal.o"
arm-none-eabi-gcc "../Drivers/STM32F1xx_HAL_Driver/Src/stm32f1xx_hal_cortex.c" -mcpu=cortex-m3 -std=gnu11 -g3 -DDEBUG -DUSE_HAL_DRIVER -DSTM32F103xB -c -I../Core/Inc -I../Drivers/STM32F1xx_HAL_Driver/Inc -I../Drivers/STM32F1xx_HAL_Driver/Inc/Legacy -I../Drivers/CMSIS/Device/ST/STM32F1xx/Include -I../Drivers/CMSIS/Include -O0 -ffunction-sections -fdata-sections -Wall -fstack-usage -MMD -MP -MF"Drivers/STM32F1xx_HAL_Driver/Src/stm32f1xx_hal_cortex.d" -MT"Drivers/STM32F1xx_HAL_Driver/Src/stm32f1xx_hal_cortex.o" --specs=nano.specs -mfloat-abi=soft -mthumb -o "Drivers/STM32F1xx_HAL_Driver/Src/stm32f1xx_hal_cortex.o"
arm-none-eabi-gcc "../Drivers/STM32F1xx_HAL_Driver/Src/stm32f1xx_hal_dma.c" -mcpu=cortex-m3 -std=gnu11 -g3 -DDEBUG -DUSE_HAL_DRIVER -DSTM32F103xB -c -I../Core/Inc -I../Drivers/STM32F1xx_HAL_Driver/Inc -I../Drivers/STM32F1xx_HAL_Driver/Inc/Legacy -I../Drivers/CMSIS/Device/ST/STM32F1xx/Include -I../Drivers/CMSIS/Include -O0 -ffunction-sections -fdata-sections -Wall -fstack-usage -MMD -MP -MF"Drivers/STM32F1xx_HAL_Driver/Src/stm32f1xx_hal_dma.d" -MT"Drivers/STM32F1xx_HAL_Driver/Src/stm32f1xx_hal_dma.o" --specs=nano.specs -mfloat-abi=soft -mthumb -o "Drivers/STM32F1xx_HAL_Driver/Src/stm32f1xx_hal_dma.o"
arm-none-eabi-gcc "../Drivers/STM32F1xx_HAL_Driver/Src/stm32f1xx_hal_exti.c" -mcpu=cortex-m3 -std=gnu11 -g3 -DDEBUG -DUSE_HAL_DRIVER -DSTM32F103xB -c -I../Core/Inc -I../Drivers/STM32F1xx_HAL_Driver/Inc -I../Drivers/STM32F1xx_HAL_Driver/Inc/Legacy -I../Drivers/CMSIS/Device/ST/STM32F1xx/Include -I../Drivers/CMSIS/Include -O0 -ffunction-sections -fdata-sections -Wall -fstack-usage -MMD -MP -MF"Drivers/STM32F1xx_HAL_Driver/Src/stm32f1xx_hal_exti.d" -MT"Drivers/STM32F1xx_HAL_Driver/Src/stm32f1xx_hal_exti.o" --specs=nano.specs -mfloat-abi=soft -mthumb -o "Drivers/STM32F1xx_HAL_Driver/Src/stm32f1xx_hal_exti.o"
arm-none-eabi-gcc "../Drivers/STM32F1xx_HAL_Driver/Src/stm32f1xx_hal_flash.c" -mcpu=cortex-m3 -std=gnu11 -g3 -DDEBUG -DUSE_HAL_DRIVER -DSTM32F103xB -c -I../Core/Inc -I../Drivers/STM32F1xx_HAL_Driver/Inc -I../Drivers/STM32F1xx_HAL_Driver/Inc/Legacy -I../Drivers/CMSIS/Device/ST/STM32F1xx/Include -I../Drivers/CMSIS/Include -O0 -ffunction-sections -fdata-sections -Wall -fstack-usage -MMD -MP -MF"Drivers/STM32F1xx_HAL_Driver/Src/stm32f1xx_hal_flash.d" -MT"Drivers/STM32F1xx_HAL_Driver/Src/stm32f1xx_hal_flash.o" --specs=nano.specs -mfloat-abi=soft -mthumb -o "Drivers/STM32F1xx_HAL_Driver/Src/stm32f1xx_hal_flash.o"
arm-none-eabi-gcc "../Drivers/STM32F1xx_HAL_Driver/Src/stm32f1xx_hal_flash_ex.c" -mcpu=cortex-m3 -std=gnu11 -g3 -DDEBUG -DUSE_HAL_DRIVER -DSTM32F103xB -c -I../Core/Inc -I../Drivers/STM32F1xx_HAL_Driver/Inc -I../Drivers/STM32F1xx_HAL_Driver/Inc/Legacy -I../Drivers/CMSIS/Device/ST/STM32F1xx/Include -I../Drivers/CMSIS/Include -O0 -ffunction-sections -fdata-sections -Wall -fstack-usage -MMD -MP -MF"Drivers/STM32F1xx_HAL_Driver/Src/stm32f1xx_hal_flash_ex.d" -MT"Drivers/STM32F1xx_HAL_Driver/Src/stm32f1xx_hal_flash_ex.o" --specs=nano.specs -mfloat-abi=soft -mthumb -o "Drivers/STM32F1xx_HAL_Driver/Src/stm32f1xx_hal_flash_ex.o"
arm-none-eabi-gcc "../Drivers/STM32F1xx_HAL_Driver/Src/stm32f1xx_hal_gpio.c" -mcpu=cortex-m3 -std=gnu11 -g3 -DDEBUG -DUSE_HAL_DRIVER -DSTM32F103xB -c -I../Core/Inc -I../Drivers/STM32F1xx_HAL_Driver/Inc -I../Drivers/STM32F1xx_HAL_Driver/Inc/Legacy -I../Drivers/CMSIS/Device/ST/STM32F1xx/Include -I../Drivers/CMSIS/Include -O0 -ffunction-sections -fdata-sections -Wall -fstack-usage -MMD -MP -MF"Drivers/STM32F1xx_HAL_Driver/Src/stm32f1xx_hal_gpio.d" -MT"Drivers/STM32F1xx_HAL_Driver/Src/stm32f1xx_hal_gpio.o" --specs=nano.specs -mfloat-abi=soft -mthumb -o "Drivers/STM32F1xx_HAL_Driver/Src/stm32f1xx_hal_gpio.o"
arm-none-eabi-gcc "../Drivers/STM32F1xx_HAL_Driver/Src/stm32f1xx_hal_gpio_ex.c" -mcpu=cortex-m3 -std=gnu11 -g3 -DDEBUG -DUSE_HAL_DRIVER -DSTM32F103xB -c -I../Core/Inc -I../Drivers/STM32F1xx_HAL_Driver/Inc -I../Drivers/STM32F1xx_HAL_Driver/Inc/Legacy -I../Drivers/CMSIS/Device/ST/STM32F1xx/Include -I../Drivers/CMSIS/Include -O0 -ffunction-sections -fdata-sections -Wall -fstack-usage -MMD -MP -MF"Drivers/STM32F1xx_HAL_Driver/Src/stm32f1xx_hal_gpio_ex.d" -MT"Drivers/STM32F1xx_HAL_Driver/Src/stm32f1xx_hal_gpio_ex.o" --specs=nano.specs -mfloat-abi=soft -mthumb -o "Drivers/STM32F1xx_HAL_Driver/Src/stm32f1xx_hal_gpio_ex.o"
arm-none-eabi-gcc "../Drivers/STM32F1xx_HAL_Driver/Src/stm32f1xx_hal_i2c.c" -mcpu=cortex-m3 -std=gnu11 -g3 -DDEBUG -DUSE_HAL_DRIVER -DSTM32F103xB -c -I../Core/Inc -I../Drivers/STM32F1xx_HAL_Driver/Inc -I../Drivers/STM32F1xx_HAL_Driver/Inc/Legacy -I../Drivers/CMSIS/Device/ST/STM32F1xx/Include -I../Drivers/CMSIS/Include -O0 -ffunction-sections -fdata-sections -Wall -fstack-usage -MMD -MP -MF"Drivers/STM32F1xx_HAL_Driver/Src/stm32f1xx_hal_i2c.d" -MT"Drivers/STM32F1xx_HAL_Driver/Src/stm32f1xx_hal_i2c.o" --specs=nano.specs -mfloat-abi=soft -mthumb -o "Drivers/STM32F1xx_HAL_Driver/Src/stm32f1xx_hal_i2c.o"
arm-none-eabi-gcc "../Drivers/STM32F1xx_HAL_Driver/Src/stm32f1xx_hal_pwr.c" -mcpu=cortex-m3 -std=gnu11 -g3 -DDEBUG -DUSE_HAL_DRIVER -DSTM32F103xB -c -I../Core/Inc -I../Drivers/STM32F1xx_HAL_Driver/Inc -I../Drivers/STM32F1xx_HAL_Driver/Inc/Legacy -I../Drivers/CMSIS/Device/ST/STM32F1xx/Include -I../Drivers/CMSIS/Include -O0 -ffunction-sections -fdata-sections -Wall -fstack-usage -MMD -MP -MF"Drivers/STM32F1xx_HAL_Driver/Src/stm32f1xx_hal_pwr.d" -MT"Drivers/STM32F1xx_HAL_Driver/Src/stm32f1xx_hal_pwr.o" --specs=nano.specs -mfloat-abi=soft -mthumb -o "Drivers/STM32F1xx_HAL_Driver/Src/stm32f1xx_hal_pwr.o"
arm-none-eabi-gcc "../Drivers/STM32F1xx_HAL_Driver/Src/stm32f1xx_hal_rcc.c" -mcpu=cortex-m3 -std=gnu11 -g3 -DDEBUG -DUSE_HAL_DRIVER -DSTM32F103xB -c -I../Core/Inc -I../Drivers/STM32F1xx_HAL_Driver/Inc -I../Drivers/STM32F1xx_HAL_Driver/Inc/Legacy -I../Drivers/CMSIS/Device/ST/STM32F1xx/Include -I../Drivers/CMSIS/Include -O0 -ffunction-sections -fdata-sections -Wall -fstack-usage -MMD -MP -MF"Drivers/STM32F1xx_HAL_Driver/Src/stm32f1xx_hal_rcc.d" -MT"Drivers/STM32F1xx_HAL_Driver/Src/stm32f1xx_hal_rcc.o" --specs=nano.specs -mfloat-abi=soft -mthumb -o "Drivers/STM32F1xx_HAL_Driver/Src/stm32f1xx_hal_rcc.o"
arm-none-eabi-gcc "../Drivers/STM32F1xx_HAL_Driver/Src/stm32f1xx_hal_rcc_ex.c" -mcpu=cortex-m3 -std=gnu11 -g3 -DDEBUG -DUSE_HAL_DRIVER -DSTM32F103xB -c -I../Core/Inc -I../Drivers/STM32F1xx_HAL_Driver/Inc -I../Drivers/STM32F1xx_HAL_Driver/Inc/Legacy -I../Drivers/CMSIS/Device/ST/STM32F1xx/Include -I../Drivers/CMSIS/Include -O0 -ffunction-sections -fdata-sections -Wall -fstack-usage -MMD -MP -MF"Drivers/STM32F1xx_HAL_Driver/Src/stm32f1xx_hal_rcc_ex.d" -MT"Drivers/STM32F1xx_HAL_Driver/Src/stm32f1xx_hal_rcc_ex.o" --specs=nano.specs -mfloat-abi=soft -mthumb -o "Drivers/STM32F1xx_HAL_Driver/Src/stm32f1xx_hal_rcc_ex.o"
arm-none-eabi-gcc "../Drivers/STM32F1xx_HAL_Driver/Src/stm32f1xx_hal_tim.c" -mcpu=cortex-m3 -std=gnu11 -g3 -DDEBUG -DUSE_HAL_DRIVER -DSTM32F103xB -c -I../Core/Inc -I../Drivers/STM32F1xx_HAL_Driver/Inc -I../Drivers/STM32F1xx_HAL_Driver/Inc/Legacy -I../Drivers/CMSIS/Device/ST/STM32F1xx/Include -I../Drivers/CMSIS/Include -O0 -ffunction-sections -fdata-sections -Wall -fstack-usage -MMD -MP -MF"Drivers/STM32F1xx_HAL_Driver/Src/stm32f1xx_hal_tim.d" -MT"Drivers/STM32F1xx_HAL_Driver/Src/stm32f1xx_hal_tim.o" --specs=nano.specs -mfloat-abi=soft -mthumb -o "Drivers/STM32F1xx_HAL_Driver/Src/stm32f1xx_hal_tim.o"
arm-none-eabi-gcc "../Drivers/STM32F1xx_HAL_Driver/Src/stm32f1xx_hal_tim_ex.c" -mcpu=cortex-m3 -std=gnu11 -g3 -DDEBUG -DUSE_HAL_DRIVER -DSTM32F103xB -c -I../Core/Inc -I../Drivers/STM32F1xx_HAL_Driver/Inc -I../Drivers/STM32F1xx_HAL_Driver/Inc/Legacy -I../Drivers/CMSIS/Device/ST/STM32F1xx/Include -I../Drivers/CMSIS/Include -O0 -ffunction-sections -fdata-sections -Wall -fstack-usage -MMD -MP -MF"Drivers/STM32F1xx_HAL_Driver/Src/stm32f1xx_hal_tim_ex.d" -MT"Drivers/STM32F1xx_HAL_Driver/Src/stm32f1xx_hal_tim_ex.o" --specs=nano.specs -mfloat-abi=soft -mthumb -o "Drivers/STM32F1xx_HAL_Driver/Src/stm32f1xx_hal_tim_ex.o"
arm-none-eabi-gcc "../Drivers/STM32F1xx_HAL_Driver/Src/stm32f1xx_hal_uart.c" -mcpu=cortex-m3 -std=gnu11 -g3 -DDEBUG -DUSE_HAL_DRIVER -DSTM32F103xB -c -I../Core/Inc -I../Drivers/STM32F1xx_HAL_Driver/Inc -I../Drivers/STM32F1xx_HAL_Driver/Inc/Legacy -I../Drivers/CMSIS/Device/ST/STM32F1xx/Include -I../Drivers/CMSIS/Include -O0 -ffunction-sections -fdata-sections -Wall -fstack-usage -MMD -MP -MF"Drivers/STM32F1xx_HAL_Driver/Src/stm32f1xx_hal_uart.d" -MT"Drivers/STM32F1xx_HAL_Driver/Src/stm32f1xx_hal_uart.o" --specs=nano.specs -mfloat-abi=soft -mthumb -o "Drivers/STM32F1xx_HAL_Driver/Src/stm32f1xx_hal_uart.o"
arm-none-eabi-gcc -mcpu=cortex-m3 -g3 -DDEBUG -c -x assembler-with-cpp -MMD -MP -MF"Core/Startup/startup_stm32f103c8tx.d" -MT"Core/Startup/startup_stm32f103c8tx.o" --specs=nano.specs -mfloat-abi=soft -mthumb -o "Core/Startup/startup_stm32f103c8tx.o" "../Core/Startup/startup_stm32f103c8tx.s"
arm-none-eabi-gcc "../Core/Src/bme280.c" -mcpu=cortex-m3 -std=gnu11 -g3 -DDEBUG -DUSE_HAL_DRIVER -DSTM32F103xB -c -I../Core/Inc -I../Drivers/STM32F1xx_HAL_Driver/Inc -I../Drivers/STM32F1xx_HAL_Driver/Inc/Legacy -I../Drivers/CMSIS/Device/ST/STM32F1xx/Include -I../Drivers/CMSIS/Include -O0 -ffunction-sections -fdata-sections -Wall -fstack-usage -MMD -MP -MF"Core/Src/bme280.d" -MT"Core/Src/bme280.o" --specs=nano.specs -mfloat-abi=soft -mthumb -o "Core/Src/bme280.o"
arm-none-eabi-gcc "../Core/Src/main.c" -mcpu=cortex-m3 -std=gnu11 -g3 -DDEBUG -DUSE_HAL_DRIVER -DSTM32F103xB -c -I../Core/Inc -I../Drivers/STM32F1xx_HAL_Driver/Inc -I../Drivers/STM32F1xx_HAL_Driver/Inc/Legacy -I../Drivers/CMSIS/Device/ST/STM32F1xx/Include -I../Drivers/CMSIS/Include -O0 -ffunction-sections -fdata-sections -Wall -fstack-usage -MMD -MP -MF"Core/Src/main.d" -MT"Core/Src/main.o" --specs=nano.specs -mfloat-abi=soft -mthumb -o "Core/Src/main.o"
arm-none-eabi-gcc "../Core/Src/mpu6050.c" -mcpu=cortex-m3 -std=gnu11 -g3 -DDEBUG -DUSE_HAL_DRIVER -DSTM32F103xB -c -I../Core/Inc -I../Drivers/STM32F1xx_HAL_Driver/Inc -I../Drivers/STM32F1xx_HAL_Driver/Inc/Legacy -I../Drivers/CMSIS/Device/ST/STM32F1xx/Include -I../Drivers/CMSIS/Include -O0 -ffunction-sections -fdata-sections -Wall -fstack-usage -MMD -MP -MF"Core/Src/mpu6050.d" -MT"Core/Src/mpu6050.o" --specs=nano.specs -mfloat-abi=soft -mthumb -o "Core/Src/mpu6050.o"
arm-none-eabi-gcc "../Core/Src/stm32f1xx_hal_msp.c" -mcpu=cortex-m3 -std=gnu11 -g3 -DDEBUG -DUSE_HAL_DRIVER -DSTM32F103xB -c -I../Core/Inc -I../Drivers/STM32F1xx_HAL_Driver/Inc -I../Drivers/STM32F1xx_HAL_Driver/Inc/Legacy -I../Drivers/CMSIS/Device/ST/STM32F1xx/Include -I../Drivers/CMSIS/Include -O0 -ffunction-sections -fdata-sections -Wall -fstack-usage -MMD -MP -MF"Core/Src/stm32f1xx_hal_msp.d" -MT"Core/Src/stm32f1xx_hal_msp.o" --specs=nano.specs -mfloat-abi=soft -mthumb -o "Core/Src/stm32f1xx_hal_msp.o"
arm-none-eabi-gcc "../Core/Src/stm32f1xx_it.c" -mcpu=cortex-m3 -std=gnu11 -g3 -DDEBUG -DUSE_HAL_DRIVER -DSTM32F103xB -c -I../Core/Inc -I../Drivers/STM32F1xx_HAL_Driver/Inc -I../Drivers/STM32F1xx_HAL_Driver/Inc/Legacy -I../Drivers/CMSIS/Device/ST/STM32F1xx/Include -I../Drivers/CMSIS/Include -O0 -ffunction-sections -fdata-sections -Wall -fstack-usage -MMD -MP -MF"Core/Src/stm32f1xx_it.d" -MT"Core/Src/stm32f1xx_it.o" --specs=nano.specs -mfloat-abi=soft -mthumb -o "Core/Src/stm32f1xx_it.o"
arm-none-eabi-gcc "../Core/Src/syscalls.c" -mcpu=cortex-m3 -std=gnu11 -g3 -DDEBUG -DUSE_HAL_DRIVER -DSTM32F103xB -c -I../Core/Inc -I../Drivers/STM32F1xx_HAL_Driver/Inc -I../Drivers/STM32F1xx_HAL_Driver/Inc/Legacy -I../Drivers/CMSIS/Device/ST/STM32F1xx/Include -I../Drivers/CMSIS/Include -O0 -ffunction-sections -fdata-sections -Wall -fstack-usage -MMD -MP -MF"Core/Src/syscalls.d" -MT"Core/Src/syscalls.o" --specs=nano.specs -mfloat-abi=soft -mthumb -o "Core/Src/syscalls.o"
arm-none-eabi-gcc "../Core/Src/sysmem.c" -mcpu=cortex-m3 -std=gnu11 -g3 -DDEBUG -DUSE_HAL_DRIVER -DSTM32F103xB -c -I../Core/Inc -I../Drivers/STM32F1xx_HAL_Driver/Inc -I../Drivers/STM32F1xx_HAL_Driver/Inc/Legacy -I../Drivers/CMSIS/Device/ST/STM32F1xx/Include -I../Drivers/CMSIS/Include -O0 -ffunction-sections -fdata-sections -Wall -fstack-usage -MMD -MP -MF"Core/Src/sysmem.d" -MT"Core/Src/sysmem.o" --specs=nano.specs -mfloat-abi=soft -mthumb -o "Core/Src/sysmem.o"
arm-none-eabi-gcc "../Core/Src/system_stm32f1xx.c" -mcpu=cortex-m3 -std=gnu11 -g3 -DDEBUG -DUSE_HAL_DRIVER -DSTM32F103xB -c -I../Core/Inc -I../Drivers/STM32F1xx_HAL_Driver/Inc -I../Drivers/STM32F1xx_HAL_Driver/Inc/Legacy -I../Drivers/CMSIS/Device/ST/STM32F1xx/Include -I../Drivers/CMSIS/Include -O0 -ffunction-sections -fdata-sections -Wall -fstack-usage -MMD -MP -MF"Core/Src/system_stm32f1xx.d" -MT"Core/Src/system_stm32f1xx.o" --specs=nano.specs -mfloat-abi=soft -mthumb -o "Core/Src/system_stm32f1xx.o"
../Core/Src/main.c: In function 'bme280_read':
../Core/Src/main.c:91:6: warning: implicit declaration of function 'strcpy' [-Wimplicit-function-declaration]
   91 |      strcpy((char*)buf, "BME Read Error \r\n");
      |      ^~~~~~
../Core/Src/main.c:91:6: warning: incompatible implicit declaration of built-in function 'strcpy'
../Core/Src/main.c:26:1: note: include '<string.h>' or provide a declaration of 'strcpy'
   25 | #include "mpu6050.h" // Gyro
  +++ |+#include <string.h>
   26 | /* USER CODE END Includes */
../Core/Src/main.c:96:6: warning: incompatible implicit declaration of built-in function 'strcpy'
   96 |      strcpy((char*)buf, "BME Read Transmitted \r\n");
      |      ^~~~~~
../Core/Src/main.c:96:6: note: include '<string.h>' or provide a declaration of 'strcpy'
../Core/Src/main.c: In function 'bme280_write':
../Core/Src/main.c:111:3: warning: incompatible implicit declaration of built-in function 'strcpy'
  111 |   strcpy((char*)buf, "BME Write Error Tx\r\n");
      |   ^~~~~~
../Core/Src/main.c:111:3: note: include '<string.h>' or provide a declaration of 'strcpy'
../Core/Src/main.c:116:3: warning: incompatible implicit declaration of built-in function 'strcpy'
  116 |   strcpy((char*)buf, "BME Write Transmitted \r\n");
      |   ^~~~~~
../Core/Src/main.c:116:3: note: include '<string.h>' or provide a declaration of 'strcpy'
../Core/Src/main.c:122:3: warning: incompatible implicit declaration of built-in function 'strcpy'
  122 |   strcpy((char*)buf, "BME Write Error Mem Write\r\n");
      |   ^~~~~~
../Core/Src/main.c:122:3: note: include '<string.h>' or provide a declaration of 'strcpy'
../Core/Src/main.c:127:3: warning: incompatible implicit declaration of built-in function 'strcpy'
  127 |   strcpy((char*)buf, "BME Written Mem Write \r\n");
      |   ^~~~~~
../Core/Src/main.c:127:3: note: include '<string.h>' or provide a declaration of 'strcpy'
../Core/Src/main.c:129:21: error: 'huart1' undeclared (first use in this function)
  129 |  HAL_UART_Transmit(&huart1, buf, strlen((char*)buf), HAL_MAX_DELAY);
      |                     ^~~~~~
../Core/Src/main.c:129:21: note: each undeclared identifier is reported only once for each function it appears in
../Core/Src/main.c:129:34: warning: implicit declaration of function 'strlen' [-Wimplicit-function-declaration]
  129 |  HAL_UART_Transmit(&huart1, buf, strlen((char*)buf), HAL_MAX_DELAY);
      |                                  ^~~~~~
../Core/Src/main.c:129:34: warning: incompatible implicit declaration of built-in function 'strlen'
../Core/Src/main.c:129:34: note: include '<string.h>' or provide a declaration of 'strlen'
../Core/Src/mpu6050.c: In function 'MPU6050_init':
../Core/Src/mpu6050.c:29:2: warning: implicit declaration of function 'printf' [-Wimplicit-function-declaration]
   29 |  printf("MPU6050: %d, %d\n", check, data);
      |  ^~~~~~
../Core/Src/mpu6050.c:29:2: warning: incompatible implicit declaration of built-in function 'printf'
../Core/Src/mpu6050.c:10:1: note: include '<stdio.h>' or provide a declaration of 'printf'
    9 | #include "mpu6050.h"
  +++ |+#include <stdio.h>
   10 | #define MPU6050_ADDR 0xD0
../Core/Src/main.c: In function 'calculate_altitude':
../Core/Src/main.c:138:6: error: 'mission_data' undeclared (first use in this function)
  138 |  if(!mission_data.sim_enabled || !mission_data.sim_active) {
      |      ^~~~~~~~~~~~
../Core/Src/main.c:144:20: warning: implicit declaration of function 'pow' [-Wimplicit-function-declaration]
  144 |  double altitude = pow(p_over_pb, exp_term);
      |                    ^~~
../Core/Src/main.c:144:20: warning: incompatible implicit declaration of built-in function 'pow'
../Core/Src/main.c:26:1: note: include '<math.h>' or provide a declaration of 'pow'
   25 | #include "mpu6050.h" // Gyro
  +++ |+#include <math.h>
   26 | /* USER CODE END Includes */
../Core/Src/main.c: In function 'setAltitudeZeroLevel':
../Core/Src/main.c:153:38: warning: passing argument 2 of 'bme280_get_sensor_data' discards 'volatile' qualifier from pointer target type [-Wdiscarded-qualifiers]
  153 |   bme280_get_sensor_data(BME280_ALL, &comp_data, &bme280_d);
      |                                      ^~~~~~~~~~
In file included from ../Core/Src/main.c:24:
../Core/Inc/bme280.h:317:72: note: expected 'struct bme280_data *' but argument is of type 'volatile struct bme280_data *'
  317 | int8_t bme280_get_sensor_data(uint8_t sensor_comp, struct bme280_data *comp_data, struct bme280_dev *dev);
      |                                                    ~~~~~~~~~~~~~~~~~~~~^~~~~~~~~
../Core/Src/main.c:153:50: warning: passing argument 3 of 'bme280_get_sensor_data' discards 'volatile' qualifier from pointer target type [-Wdiscarded-qualifiers]
  153 |   bme280_get_sensor_data(BME280_ALL, &comp_data, &bme280_d);
      |                                                  ^~~~~~~~~
In file included from ../Core/Src/main.c:24:
../Core/Inc/bme280.h:317:102: note: expected 'struct bme280_dev *' but argument is of type 'volatile struct bme280_dev *'
  317 | int8_t bme280_get_sensor_data(uint8_t sensor_comp, struct bme280_data *comp_data, struct bme280_dev *dev);
      |                                                                                   ~~~~~~~~~~~~~~~~~~~^~~
../Core/Src/main.c:154:38: warning: passing argument 1 of 'calculate_altitude' discards 'volatile' qualifier from pointer target type [-Wdiscarded-qualifiers]
  154 |   altitude_zero = calculate_altitude(&comp_data);
      |                                      ^~~~~~~~~~
../Core/Src/main.c:134:48: note: expected 'struct bme280_data *' but argument is of type 'volatile struct bme280_data *'
  134 | double calculate_altitude(struct bme280_data * bd)
      |                           ~~~~~~~~~~~~~~~~~~~~~^~
../Core/Src/main.c: In function 'readSensors':
../Core/Src/main.c:165:2: warning: implicit declaration of function 'printf' [-Wimplicit-function-declaration]
  165 |  printf("BME280\n");
      |  ^~~~~~
../Core/Src/main.c:165:2: warning: incompatible implicit declaration of built-in function 'printf'
../Core/Src/main.c:26:1: note: include '<stdio.h>' or provide a declaration of 'printf'
   25 | #include "mpu6050.h" // Gyro
  +++ |+#include <stdio.h>
   26 | /* USER CODE END Includes */
../Core/Src/main.c:166:37: warning: passing argument 2 of 'bme280_get_sensor_data' discards 'volatile' qualifier from pointer target type [-Wdiscarded-qualifiers]
  166 |  bme280_get_sensor_data(BME280_ALL, &comp_data, &bme280_d);
      |                                     ^~~~~~~~~~
In file included from ../Core/Src/main.c:24:
../Core/Inc/bme280.h:317:72: note: expected 'struct bme280_data *' but argument is of type 'volatile struct bme280_data *'
  317 | int8_t bme280_get_sensor_data(uint8_t sensor_comp, struct bme280_data *comp_data, struct bme280_dev *dev);
      |                                                    ~~~~~~~~~~~~~~~~~~~~^~~~~~~~~
../Core/Src/main.c:166:49: warning: passing argument 3 of 'bme280_get_sensor_data' discards 'volatile' qualifier from pointer target type [-Wdiscarded-qualifiers]
  166 |  bme280_get_sensor_data(BME280_ALL, &comp_data, &bme280_d);
      |                                                 ^~~~~~~~~
In file included from ../Core/Src/main.c:24:
../Core/Inc/bme280.h:317:102: note: expected 'struct bme280_dev *' but argument is of type 'volatile struct bme280_dev *'
  317 | int8_t bme280_get_sensor_data(uint8_t sensor_comp, struct bme280_data *comp_data, struct bme280_dev *dev);
      |                                                                                   ~~~~~~~~~~~~~~~~~~~^~~
../Core/Src/main.c:168:47: warning: passing argument 1 of 'calculate_altitude' discards 'volatile' qualifier from pointer target type [-Wdiscarded-qualifiers]
  168 |  printf("calc. alt: %f\n", calculate_altitude(&comp_data));
      |                                               ^~~~~~~~~~
../Core/Src/main.c:134:48: note: expected 'struct bme280_data *' but argument is of type 'volatile struct bme280_data *'
  134 | double calculate_altitude(struct bme280_data * bd)
      |                           ~~~~~~~~~~~~~~~~~~~~~^~
../Core/Src/main.c:169:30: warning: passing argument 1 of 'calculate_altitude' discards 'volatile' qualifier from pointer target type [-Wdiscarded-qualifiers]
  169 |  holder = calculate_altitude(&comp_data);
      |                              ^~~~~~~~~~
../Core/Src/main.c:134:48: note: expected 'struct bme280_data *' but argument is of type 'volatile struct bme280_data *'
  134 | double calculate_altitude(struct bme280_data * bd)
      |                           ~~~~~~~~~~~~~~~~~~~~~^~
../Core/Src/main.c:161:8: warning: variable 'holder' set but not used [-Wunused-but-set-variable]
  161 |  float holder;
      |        ^~~~~~
../Core/Src/main.c: In function 'main':
../Core/Src/main.c:221:24: error: 'I2C_SDA_Pin' undeclared (first use in this function); did you mean 'I2C_SDA_PIN_Pin'?
  221 |  GPIO_InitStruct.Pin = I2C_SDA_Pin | I2C_SCL_Pin;
      |                        ^~~~~~~~~~~
      |                        I2C_SDA_PIN_Pin
../Core/Src/main.c:221:38: error: 'I2C_SCL_Pin' undeclared (first use in this function)
  221 |  GPIO_InitStruct.Pin = I2C_SDA_Pin | I2C_SCL_Pin;
      |                                      ^~~~~~~~~~~
../Core/Src/main.c:232:17: warning: assignment to 'bme280_write_fptr_t' {aka 'signed char (* volatile)(unsigned char,  const unsigned char *, long unsigned int,  void *)'} from incompatible pointer type 'int8_t (*)(uint8_t,  uint8_t *, uint32_t,  void *)' {aka 'signed char (*)(unsigned char,  unsigned char *, long unsigned int,  void *)'} [-Wincompatible-pointer-types]
  232 |  bme280_d.write = bme280_write;
      |                 ^
../Core/Src/main.c:233:22: error: 'delay_test' undeclared (first use in this function)
  233 |  bme280_d.delay_us = delay_test;
      |                      ^~~~~~~~~~
../Core/Src/main.c:239:14: warning: passing argument 1 of 'bme280_init' discards 'volatile' qualifier from pointer target type [-Wdiscarded-qualifiers]
  239 |  bme280_init(&bme280_d);
      |              ^~~~~~~~~
In file included from ../Core/Src/main.c:24:
../Core/Inc/bme280.h:85:39: note: expected 'struct bme280_dev *' but argument is of type 'volatile struct bme280_dev *'
   85 | int8_t bme280_init(struct bme280_dev *dev);
      |                    ~~~~~~~~~~~~~~~~~~~^~~
../Core/Src/main.c:240:2: warning: implicit declaration of function 'stream_bme280_data_normal_mode' [-Wimplicit-function-declaration]
  240 |  stream_bme280_data_normal_mode(&bme280_d);
      |  ^~~~~~~~~~~~~~~~~~~~~~~~~~~~~~
../Core/Src/main.c:235:10: warning: unused variable 'check' [-Wunused-variable]
  235 |  uint8_t check,data;
      |          ^~~~~
../Core/Src/main.c: In function 'MX_TIM2_Init':
../Core/Src/main.c:348:3: error: 'htim2' undeclared (first use in this function)
  348 |   htim2.Instance = TIM2;
      |   ^~~~~
../Core/Src/main.c: In function 'MX_USART1_UART_Init':
../Core/Src/main.c:403:3: error: 'huart1' undeclared (first use in this function)
  403 |   huart1.Instance = USART1;
      |   ^~~~~~
../Core/Src/main.c: In function 'MX_USART3_UART_Init':
../Core/Src/main.c:436:3: error: 'huart3' undeclared (first use in this function)
  436 |   huart3.Instance = USART3;
      |   ^~~~~~
make: *** [Core/Src/subdir.mk:40: Core/Src/main.o] Error 1
make: *** Waiting for unfinished jobs....
"make -j16 all" terminated with exit code 2. Build might be incomplete.
21:47:53 **** Incremental Build of configuration Debug for project payload_test22-23 ****
make -j16 all 
arm-none-eabi-gcc "../Core/Src/main.c" -mcpu=cortex-m3 -std=gnu11 -g3 -DDEBUG -DUSE_HAL_DRIVER -DSTM32F103xB -c -I../Core/Inc -I../Drivers/STM32F1xx_HAL_Driver/Inc -I../Drivers/STM32F1xx_HAL_Driver/Inc/Legacy -I../Drivers/CMSIS/Device/ST/STM32F1xx/Include -I../Drivers/CMSIS/Include -O0 -ffunction-sections -fdata-sections -Wall -fstack-usage -MMD -MP -MF"Core/Src/main.d" -MT"Core/Src/main.o" --specs=nano.specs -mfloat-abi=soft -mthumb -o "Core/Src/main.o"
../Core/Src/main.c: In function 'bme280_read':
../Core/Src/main.c:92:6: warning: implicit declaration of function 'strcpy' [-Wimplicit-function-declaration]
   92 |      strcpy((char*)buf, "BME Read Error \r\n");
      |      ^~~~~~
../Core/Src/main.c:92:6: warning: incompatible implicit declaration of built-in function 'strcpy'
../Core/Src/main.c:26:1: note: include '<string.h>' or provide a declaration of 'strcpy'
   25 | #include "mpu6050.h" // Gyro
  +++ |+#include <string.h>
   26 | /* USER CODE END Includes */
../Core/Src/main.c:97:6: warning: incompatible implicit declaration of built-in function 'strcpy'
   97 |      strcpy((char*)buf, "BME Read Transmitted \r\n");
      |      ^~~~~~
../Core/Src/main.c:97:6: note: include '<string.h>' or provide a declaration of 'strcpy'
../Core/Src/main.c: In function 'bme280_write':
../Core/Src/main.c:112:3: warning: incompatible implicit declaration of built-in function 'strcpy'
  112 |   strcpy((char*)buf, "BME Write Error Tx\r\n");
      |   ^~~~~~
../Core/Src/main.c:112:3: note: include '<string.h>' or provide a declaration of 'strcpy'
../Core/Src/main.c:117:3: warning: incompatible implicit declaration of built-in function 'strcpy'
  117 |   strcpy((char*)buf, "BME Write Transmitted \r\n");
      |   ^~~~~~
../Core/Src/main.c:117:3: note: include '<string.h>' or provide a declaration of 'strcpy'
../Core/Src/main.c:123:3: warning: incompatible implicit declaration of built-in function 'strcpy'
  123 |   strcpy((char*)buf, "BME Write Error Mem Write\r\n");
      |   ^~~~~~
../Core/Src/main.c:123:3: note: include '<string.h>' or provide a declaration of 'strcpy'
../Core/Src/main.c:128:3: warning: incompatible implicit declaration of built-in function 'strcpy'
  128 |   strcpy((char*)buf, "BME Written Mem Write \r\n");
      |   ^~~~~~
../Core/Src/main.c:128:3: note: include '<string.h>' or provide a declaration of 'strcpy'
../Core/Src/main.c: In function 'calculate_altitude':
../Core/Src/main.c:139:20: warning: implicit declaration of function 'pow' [-Wimplicit-function-declaration]
  139 |  double altitude = pow(p_over_pb, exp_term);
      |                    ^~~
../Core/Src/main.c:139:20: warning: incompatible implicit declaration of built-in function 'pow'
../Core/Src/main.c:26:1: note: include '<math.h>' or provide a declaration of 'pow'
   25 | #include "mpu6050.h" // Gyro
  +++ |+#include <math.h>
   26 | /* USER CODE END Includes */
../Core/Src/main.c: In function 'setAltitudeZeroLevel':
../Core/Src/main.c:148:38: warning: passing argument 2 of 'bme280_get_sensor_data' discards 'volatile' qualifier from pointer target type [-Wdiscarded-qualifiers]
  148 |   bme280_get_sensor_data(BME280_ALL, &comp_data, &bme280_d);
      |                                      ^~~~~~~~~~
In file included from ../Core/Src/main.c:24:
../Core/Inc/bme280.h:317:72: note: expected 'struct bme280_data *' but argument is of type 'volatile struct bme280_data *'
  317 | int8_t bme280_get_sensor_data(uint8_t sensor_comp, struct bme280_data *comp_data, struct bme280_dev *dev);
      |                                                    ~~~~~~~~~~~~~~~~~~~~^~~~~~~~~
../Core/Src/main.c:148:50: warning: passing argument 3 of 'bme280_get_sensor_data' discards 'volatile' qualifier from pointer target type [-Wdiscarded-qualifiers]
  148 |   bme280_get_sensor_data(BME280_ALL, &comp_data, &bme280_d);
      |                                                  ^~~~~~~~~
In file included from ../Core/Src/main.c:24:
../Core/Inc/bme280.h:317:102: note: expected 'struct bme280_dev *' but argument is of type 'volatile struct bme280_dev *'
  317 | int8_t bme280_get_sensor_data(uint8_t sensor_comp, struct bme280_data *comp_data, struct bme280_dev *dev);
      |                                                                                   ~~~~~~~~~~~~~~~~~~~^~~
../Core/Src/main.c:149:38: warning: passing argument 1 of 'calculate_altitude' discards 'volatile' qualifier from pointer target type [-Wdiscarded-qualifiers]
  149 |   altitude_zero = calculate_altitude(&comp_data);
      |                                      ^~~~~~~~~~
../Core/Src/main.c:134:48: note: expected 'struct bme280_data *' but argument is of type 'volatile struct bme280_data *'
  134 | double calculate_altitude(struct bme280_data * bd)
      |                           ~~~~~~~~~~~~~~~~~~~~~^~
../Core/Src/main.c: In function 'readSensors':
../Core/Src/main.c:160:2: warning: implicit declaration of function 'printf' [-Wimplicit-function-declaration]
  160 |  printf("BME280\n");
      |  ^~~~~~
../Core/Src/main.c:160:2: warning: incompatible implicit declaration of built-in function 'printf'
../Core/Src/main.c:26:1: note: include '<stdio.h>' or provide a declaration of 'printf'
   25 | #include "mpu6050.h" // Gyro
  +++ |+#include <stdio.h>
   26 | /* USER CODE END Includes */
../Core/Src/main.c:161:37: warning: passing argument 2 of 'bme280_get_sensor_data' discards 'volatile' qualifier from pointer target type [-Wdiscarded-qualifiers]
  161 |  bme280_get_sensor_data(BME280_ALL, &comp_data, &bme280_d);
      |                                     ^~~~~~~~~~
In file included from ../Core/Src/main.c:24:
../Core/Inc/bme280.h:317:72: note: expected 'struct bme280_data *' but argument is of type 'volatile struct bme280_data *'
  317 | int8_t bme280_get_sensor_data(uint8_t sensor_comp, struct bme280_data *comp_data, struct bme280_dev *dev);
      |                                                    ~~~~~~~~~~~~~~~~~~~~^~~~~~~~~
../Core/Src/main.c:161:49: warning: passing argument 3 of 'bme280_get_sensor_data' discards 'volatile' qualifier from pointer target type [-Wdiscarded-qualifiers]
  161 |  bme280_get_sensor_data(BME280_ALL, &comp_data, &bme280_d);
      |                                                 ^~~~~~~~~
In file included from ../Core/Src/main.c:24:
../Core/Inc/bme280.h:317:102: note: expected 'struct bme280_dev *' but argument is of type 'volatile struct bme280_dev *'
  317 | int8_t bme280_get_sensor_data(uint8_t sensor_comp, struct bme280_data *comp_data, struct bme280_dev *dev);
      |                                                                                   ~~~~~~~~~~~~~~~~~~~^~~
../Core/Src/main.c:163:47: warning: passing argument 1 of 'calculate_altitude' discards 'volatile' qualifier from pointer target type [-Wdiscarded-qualifiers]
  163 |  printf("calc. alt: %f\n", calculate_altitude(&comp_data));
      |                                               ^~~~~~~~~~
../Core/Src/main.c:134:48: note: expected 'struct bme280_data *' but argument is of type 'volatile struct bme280_data *'
  134 | double calculate_altitude(struct bme280_data * bd)
      |                           ~~~~~~~~~~~~~~~~~~~~~^~
../Core/Src/main.c:164:30: warning: passing argument 1 of 'calculate_altitude' discards 'volatile' qualifier from pointer target type [-Wdiscarded-qualifiers]
  164 |  holder = calculate_altitude(&comp_data);
      |                              ^~~~~~~~~~
../Core/Src/main.c:134:48: note: expected 'struct bme280_data *' but argument is of type 'volatile struct bme280_data *'
  134 | double calculate_altitude(struct bme280_data * bd)
      |                           ~~~~~~~~~~~~~~~~~~~~~^~
../Core/Src/main.c:156:8: warning: variable 'holder' set but not used [-Wunused-but-set-variable]
  156 |  float holder;
      |        ^~~~~~
../Core/Src/main.c: In function 'main':
../Core/Src/main.c:216:24: error: 'I2C_SDA_PIN' undeclared (first use in this function); did you mean 'I2C_SDA_PIN_Pin'?
  216 |  GPIO_InitStruct.Pin = I2C_SDA_PIN | I2C_SCL_PIN;
      |                        ^~~~~~~~~~~
      |                        I2C_SDA_PIN_Pin
../Core/Src/main.c:216:24: note: each undeclared identifier is reported only once for each function it appears in
../Core/Src/main.c:216:38: error: 'I2C_SCL_PIN' undeclared (first use in this function)
  216 |  GPIO_InitStruct.Pin = I2C_SDA_PIN | I2C_SCL_PIN;
      |                                      ^~~~~~~~~~~
../Core/Src/main.c:232:14: warning: passing argument 1 of 'bme280_init' discards 'volatile' qualifier from pointer target type [-Wdiscarded-qualifiers]
  232 |  bme280_init(&bme280_d);
      |              ^~~~~~~~~
In file included from ../Core/Src/main.c:24:
../Core/Inc/bme280.h:85:39: note: expected 'struct bme280_dev *' but argument is of type 'volatile struct bme280_dev *'
   85 | int8_t bme280_init(struct bme280_dev *dev);
      |                    ~~~~~~~~~~~~~~~~~~~^~~
../Core/Src/main.c:233:2: warning: implicit declaration of function 'stream_bme280_data_normal_mode' [-Wimplicit-function-declaration]
  233 |  stream_bme280_data_normal_mode(&bme280_d);
      |  ^~~~~~~~~~~~~~~~~~~~~~~~~~~~~~
../Core/Src/main.c:228:10: warning: unused variable 'check' [-Wunused-variable]
  228 |  uint8_t check,data;
      |          ^~~~~
../Core/Src/main.c: In function 'MX_USART1_UART_Init':
../Core/Src/main.c:396:3: error: 'huart1' undeclared (first use in this function)
  396 |   huart1.Instance = USART1;
      |   ^~~~~~
../Core/Src/main.c: In function 'MX_USART3_UART_Init':
../Core/Src/main.c:429:3: error: 'huart3' undeclared (first use in this function)
  429 |   huart3.Instance = USART3;
      |   ^~~~~~
make: *** [Core/Src/subdir.mk:40: Core/Src/main.o] Error 1
"make -j16 all" terminated with exit code 2. Build might be incomplete.
21:48:00 **** Incremental Build of configuration Debug for project payload_test22-23 ****
make -j16 all 
arm-none-eabi-gcc "../Core/Src/main.c" -mcpu=cortex-m3 -std=gnu11 -g3 -DDEBUG -DUSE_HAL_DRIVER -DSTM32F103xB -c -I../Core/Inc -I../Drivers/STM32F1xx_HAL_Driver/Inc -I../Drivers/STM32F1xx_HAL_Driver/Inc/Legacy -I../Drivers/CMSIS/Device/ST/STM32F1xx/Include -I../Drivers/CMSIS/Include -O0 -ffunction-sections -fdata-sections -Wall -fstack-usage -MMD -MP -MF"Core/Src/main.d" -MT"Core/Src/main.o" --specs=nano.specs -mfloat-abi=soft -mthumb -o "Core/Src/main.o"
../Core/Src/main.c: In function 'bme280_read':
../Core/Src/main.c:92:6: warning: implicit declaration of function 'strcpy' [-Wimplicit-function-declaration]
   92 |      strcpy((char*)buf, "BME Read Error \r\n");
      |      ^~~~~~
../Core/Src/main.c:92:6: warning: incompatible implicit declaration of built-in function 'strcpy'
../Core/Src/main.c:26:1: note: include '<string.h>' or provide a declaration of 'strcpy'
   25 | #include "mpu6050.h" // Gyro
  +++ |+#include <string.h>
   26 | /* USER CODE END Includes */
../Core/Src/main.c:97:6: warning: incompatible implicit declaration of built-in function 'strcpy'
   97 |      strcpy((char*)buf, "BME Read Transmitted \r\n");
      |      ^~~~~~
../Core/Src/main.c:97:6: note: include '<string.h>' or provide a declaration of 'strcpy'
../Core/Src/main.c: In function 'bme280_write':
../Core/Src/main.c:112:3: warning: incompatible implicit declaration of built-in function 'strcpy'
  112 |   strcpy((char*)buf, "BME Write Error Tx\r\n");
      |   ^~~~~~
../Core/Src/main.c:112:3: note: include '<string.h>' or provide a declaration of 'strcpy'
../Core/Src/main.c:117:3: warning: incompatible implicit declaration of built-in function 'strcpy'
  117 |   strcpy((char*)buf, "BME Write Transmitted \r\n");
      |   ^~~~~~
../Core/Src/main.c:117:3: note: include '<string.h>' or provide a declaration of 'strcpy'
../Core/Src/main.c:123:3: warning: incompatible implicit declaration of built-in function 'strcpy'
  123 |   strcpy((char*)buf, "BME Write Error Mem Write\r\n");
      |   ^~~~~~
../Core/Src/main.c:123:3: note: include '<string.h>' or provide a declaration of 'strcpy'
../Core/Src/main.c:128:3: warning: incompatible implicit declaration of built-in function 'strcpy'
  128 |   strcpy((char*)buf, "BME Written Mem Write \r\n");
      |   ^~~~~~
../Core/Src/main.c:128:3: note: include '<string.h>' or provide a declaration of 'strcpy'
../Core/Src/main.c: In function 'calculate_altitude':
../Core/Src/main.c:139:20: warning: implicit declaration of function 'pow' [-Wimplicit-function-declaration]
  139 |  double altitude = pow(p_over_pb, exp_term);
      |                    ^~~
../Core/Src/main.c:139:20: warning: incompatible implicit declaration of built-in function 'pow'
../Core/Src/main.c:26:1: note: include '<math.h>' or provide a declaration of 'pow'
   25 | #include "mpu6050.h" // Gyro
  +++ |+#include <math.h>
   26 | /* USER CODE END Includes */
../Core/Src/main.c: In function 'setAltitudeZeroLevel':
../Core/Src/main.c:148:38: warning: passing argument 2 of 'bme280_get_sensor_data' discards 'volatile' qualifier from pointer target type [-Wdiscarded-qualifiers]
  148 |   bme280_get_sensor_data(BME280_ALL, &comp_data, &bme280_d);
      |                                      ^~~~~~~~~~
In file included from ../Core/Src/main.c:24:
../Core/Inc/bme280.h:317:72: note: expected 'struct bme280_data *' but argument is of type 'volatile struct bme280_data *'
  317 | int8_t bme280_get_sensor_data(uint8_t sensor_comp, struct bme280_data *comp_data, struct bme280_dev *dev);
      |                                                    ~~~~~~~~~~~~~~~~~~~~^~~~~~~~~
../Core/Src/main.c:148:50: warning: passing argument 3 of 'bme280_get_sensor_data' discards 'volatile' qualifier from pointer target type [-Wdiscarded-qualifiers]
  148 |   bme280_get_sensor_data(BME280_ALL, &comp_data, &bme280_d);
      |                                                  ^~~~~~~~~
In file included from ../Core/Src/main.c:24:
../Core/Inc/bme280.h:317:102: note: expected 'struct bme280_dev *' but argument is of type 'volatile struct bme280_dev *'
  317 | int8_t bme280_get_sensor_data(uint8_t sensor_comp, struct bme280_data *comp_data, struct bme280_dev *dev);
      |                                                                                   ~~~~~~~~~~~~~~~~~~~^~~
../Core/Src/main.c:149:38: warning: passing argument 1 of 'calculate_altitude' discards 'volatile' qualifier from pointer target type [-Wdiscarded-qualifiers]
  149 |   altitude_zero = calculate_altitude(&comp_data);
      |                                      ^~~~~~~~~~
../Core/Src/main.c:134:48: note: expected 'struct bme280_data *' but argument is of type 'volatile struct bme280_data *'
  134 | double calculate_altitude(struct bme280_data * bd)
      |                           ~~~~~~~~~~~~~~~~~~~~~^~
../Core/Src/main.c: In function 'readSensors':
../Core/Src/main.c:160:2: warning: implicit declaration of function 'printf' [-Wimplicit-function-declaration]
  160 |  printf("BME280\n");
      |  ^~~~~~
../Core/Src/main.c:160:2: warning: incompatible implicit declaration of built-in function 'printf'
../Core/Src/main.c:26:1: note: include '<stdio.h>' or provide a declaration of 'printf'
   25 | #include "mpu6050.h" // Gyro
  +++ |+#include <stdio.h>
   26 | /* USER CODE END Includes */
../Core/Src/main.c:161:37: warning: passing argument 2 of 'bme280_get_sensor_data' discards 'volatile' qualifier from pointer target type [-Wdiscarded-qualifiers]
  161 |  bme280_get_sensor_data(BME280_ALL, &comp_data, &bme280_d);
      |                                     ^~~~~~~~~~
In file included from ../Core/Src/main.c:24:
../Core/Inc/bme280.h:317:72: note: expected 'struct bme280_data *' but argument is of type 'volatile struct bme280_data *'
  317 | int8_t bme280_get_sensor_data(uint8_t sensor_comp, struct bme280_data *comp_data, struct bme280_dev *dev);
      |                                                    ~~~~~~~~~~~~~~~~~~~~^~~~~~~~~
../Core/Src/main.c:161:49: warning: passing argument 3 of 'bme280_get_sensor_data' discards 'volatile' qualifier from pointer target type [-Wdiscarded-qualifiers]
  161 |  bme280_get_sensor_data(BME280_ALL, &comp_data, &bme280_d);
      |                                                 ^~~~~~~~~
In file included from ../Core/Src/main.c:24:
../Core/Inc/bme280.h:317:102: note: expected 'struct bme280_dev *' but argument is of type 'volatile struct bme280_dev *'
  317 | int8_t bme280_get_sensor_data(uint8_t sensor_comp, struct bme280_data *comp_data, struct bme280_dev *dev);
      |                                                                                   ~~~~~~~~~~~~~~~~~~~^~~
../Core/Src/main.c:163:47: warning: passing argument 1 of 'calculate_altitude' discards 'volatile' qualifier from pointer target type [-Wdiscarded-qualifiers]
  163 |  printf("calc. alt: %f\n", calculate_altitude(&comp_data));
      |                                               ^~~~~~~~~~
../Core/Src/main.c:134:48: note: expected 'struct bme280_data *' but argument is of type 'volatile struct bme280_data *'
  134 | double calculate_altitude(struct bme280_data * bd)
      |                           ~~~~~~~~~~~~~~~~~~~~~^~
../Core/Src/main.c:164:30: warning: passing argument 1 of 'calculate_altitude' discards 'volatile' qualifier from pointer target type [-Wdiscarded-qualifiers]
  164 |  holder = calculate_altitude(&comp_data);
      |                              ^~~~~~~~~~
../Core/Src/main.c:134:48: note: expected 'struct bme280_data *' but argument is of type 'volatile struct bme280_data *'
  134 | double calculate_altitude(struct bme280_data * bd)
      |                           ~~~~~~~~~~~~~~~~~~~~~^~
../Core/Src/main.c:156:8: warning: variable 'holder' set but not used [-Wunused-but-set-variable]
  156 |  float holder;
      |        ^~~~~~
../Core/Src/main.c: In function 'main':
../Core/Src/main.c:216:24: error: 'I2C_SDA_PIN' undeclared (first use in this function); did you mean 'I2C_SDA_PIN_Pin'?
  216 |  GPIO_InitStruct.Pin = I2C_SDA_PIN | I2C_SCL_PIN;
      |                        ^~~~~~~~~~~
      |                        I2C_SDA_PIN_Pin
../Core/Src/main.c:216:24: note: each undeclared identifier is reported only once for each function it appears in
../Core/Src/main.c:216:38: error: 'I2C_SCL_PIN' undeclared (first use in this function)
  216 |  GPIO_InitStruct.Pin = I2C_SDA_PIN | I2C_SCL_PIN;
      |                                      ^~~~~~~~~~~
../Core/Src/main.c:232:14: warning: passing argument 1 of 'bme280_init' discards 'volatile' qualifier from pointer target type [-Wdiscarded-qualifiers]
  232 |  bme280_init(&bme280_d);
      |              ^~~~~~~~~
In file included from ../Core/Src/main.c:24:
../Core/Inc/bme280.h:85:39: note: expected 'struct bme280_dev *' but argument is of type 'volatile struct bme280_dev *'
   85 | int8_t bme280_init(struct bme280_dev *dev);
      |                    ~~~~~~~~~~~~~~~~~~~^~~
../Core/Src/main.c:233:2: warning: implicit declaration of function 'stream_bme280_data_normal_mode' [-Wimplicit-function-declaration]
  233 |  stream_bme280_data_normal_mode(&bme280_d);
      |  ^~~~~~~~~~~~~~~~~~~~~~~~~~~~~~
../Core/Src/main.c:228:10: warning: unused variable 'check' [-Wunused-variable]
  228 |  uint8_t check,data;
      |          ^~~~~
../Core/Src/main.c: In function 'MX_USART1_UART_Init':
../Core/Src/main.c:396:3: error: 'huart1' undeclared (first use in this function)
  396 |   huart1.Instance = USART1;
      |   ^~~~~~
../Core/Src/main.c: In function 'MX_USART3_UART_Init':
../Core/Src/main.c:429:3: error: 'huart3' undeclared (first use in this function)
  429 |   huart3.Instance = USART3;
      |   ^~~~~~
make: *** [Core/Src/subdir.mk:40: Core/Src/main.o] Error 1
"make -j16 all" terminated with exit code 2. Build might be incomplete.
21:49:05 **** Incremental Build of configuration Debug for project payload_test22-23 ****
make -j16 all 
arm-none-eabi-gcc "../Core/Src/main.c" -mcpu=cortex-m3 -std=gnu11 -g3 -DDEBUG -DUSE_HAL_DRIVER -DSTM32F103xB -c -I../Core/Inc -I../Drivers/STM32F1xx_HAL_Driver/Inc -I../Drivers/STM32F1xx_HAL_Driver/Inc/Legacy -I../Drivers/CMSIS/Device/ST/STM32F1xx/Include -I../Drivers/CMSIS/Include -O0 -ffunction-sections -fdata-sections -Wall -fstack-usage -MMD -MP -MF"Core/Src/main.d" -MT"Core/Src/main.o" --specs=nano.specs -mfloat-abi=soft -mthumb -o "Core/Src/main.o"
arm-none-eabi-gcc "../Core/Src/stm32f1xx_hal_msp.c" -mcpu=cortex-m3 -std=gnu11 -g3 -DDEBUG -DUSE_HAL_DRIVER -DSTM32F103xB -c -I../Core/Inc -I../Drivers/STM32F1xx_HAL_Driver/Inc -I../Drivers/STM32F1xx_HAL_Driver/Inc/Legacy -I../Drivers/CMSIS/Device/ST/STM32F1xx/Include -I../Drivers/CMSIS/Include -O0 -ffunction-sections -fdata-sections -Wall -fstack-usage -MMD -MP -MF"Core/Src/stm32f1xx_hal_msp.d" -MT"Core/Src/stm32f1xx_hal_msp.o" --specs=nano.specs -mfloat-abi=soft -mthumb -o "Core/Src/stm32f1xx_hal_msp.o"
arm-none-eabi-gcc "../Core/Src/stm32f1xx_it.c" -mcpu=cortex-m3 -std=gnu11 -g3 -DDEBUG -DUSE_HAL_DRIVER -DSTM32F103xB -c -I../Core/Inc -I../Drivers/STM32F1xx_HAL_Driver/Inc -I../Drivers/STM32F1xx_HAL_Driver/Inc/Legacy -I../Drivers/CMSIS/Device/ST/STM32F1xx/Include -I../Drivers/CMSIS/Include -O0 -ffunction-sections -fdata-sections -Wall -fstack-usage -MMD -MP -MF"Core/Src/stm32f1xx_it.d" -MT"Core/Src/stm32f1xx_it.o" --specs=nano.specs -mfloat-abi=soft -mthumb -o "Core/Src/stm32f1xx_it.o"
../Core/Src/main.c: In function 'bme280_read':
../Core/Src/main.c:94:6: warning: implicit declaration of function 'strcpy' [-Wimplicit-function-declaration]
   94 |      strcpy((char*)buf, "BME Read Error \r\n");
      |      ^~~~~~
../Core/Src/main.c:94:6: warning: incompatible implicit declaration of built-in function 'strcpy'
../Core/Src/main.c:26:1: note: include '<string.h>' or provide a declaration of 'strcpy'
   25 | #include "mpu6050.h" // Gyro
  +++ |+#include <string.h>
   26 | /* USER CODE END Includes */
../Core/Src/main.c:99:6: warning: incompatible implicit declaration of built-in function 'strcpy'
   99 |      strcpy((char*)buf, "BME Read Transmitted \r\n");
      |      ^~~~~~
../Core/Src/main.c:99:6: note: include '<string.h>' or provide a declaration of 'strcpy'
../Core/Src/main.c: In function 'bme280_write':
../Core/Src/main.c:114:3: warning: incompatible implicit declaration of built-in function 'strcpy'
  114 |   strcpy((char*)buf, "BME Write Error Tx\r\n");
      |   ^~~~~~
../Core/Src/main.c:114:3: note: include '<string.h>' or provide a declaration of 'strcpy'
../Core/Src/main.c:119:3: warning: incompatible implicit declaration of built-in function 'strcpy'
  119 |   strcpy((char*)buf, "BME Write Transmitted \r\n");
      |   ^~~~~~
../Core/Src/main.c:119:3: note: include '<string.h>' or provide a declaration of 'strcpy'
../Core/Src/main.c:125:3: warning: incompatible implicit declaration of built-in function 'strcpy'
  125 |   strcpy((char*)buf, "BME Write Error Mem Write\r\n");
      |   ^~~~~~
../Core/Src/main.c:125:3: note: include '<string.h>' or provide a declaration of 'strcpy'
../Core/Src/main.c:130:3: warning: incompatible implicit declaration of built-in function 'strcpy'
  130 |   strcpy((char*)buf, "BME Written Mem Write \r\n");
      |   ^~~~~~
../Core/Src/main.c:130:3: note: include '<string.h>' or provide a declaration of 'strcpy'
../Core/Src/main.c: In function 'calculate_altitude':
../Core/Src/main.c:141:20: warning: implicit declaration of function 'pow' [-Wimplicit-function-declaration]
  141 |  double altitude = pow(p_over_pb, exp_term);
      |                    ^~~
../Core/Src/main.c:141:20: warning: incompatible implicit declaration of built-in function 'pow'
../Core/Src/main.c:26:1: note: include '<math.h>' or provide a declaration of 'pow'
   25 | #include "mpu6050.h" // Gyro
  +++ |+#include <math.h>
   26 | /* USER CODE END Includes */
../Core/Src/main.c: In function 'setAltitudeZeroLevel':
../Core/Src/main.c:150:39: error: 'comp_data' undeclared (first use in this function)
  150 |   bme280_get_sensor_data(BME280_ALL, &comp_data, &bme280_d);
      |                                       ^~~~~~~~~
../Core/Src/main.c:150:39: note: each undeclared identifier is reported only once for each function it appears in
../Core/Src/main.c:150:51: error: 'bme280_d' undeclared (first use in this function); did you mean 'bme280_dev'?
  150 |   bme280_get_sensor_data(BME280_ALL, &comp_data, &bme280_d);
      |                                                   ^~~~~~~~
      |                                                   bme280_dev
../Core/Src/main.c:151:3: error: 'altitude_zero' undeclared (first use in this function)
  151 |   altitude_zero = calculate_altitude(&comp_data);
      |   ^~~~~~~~~~~~~
../Core/Src/main.c: In function 'readSensors':
../Core/Src/main.c:162:2: warning: implicit declaration of function 'printf' [-Wimplicit-function-declaration]
  162 |  printf("BME280\n");
      |  ^~~~~~
../Core/Src/main.c:162:2: warning: incompatible implicit declaration of built-in function 'printf'
../Core/Src/main.c:26:1: note: include '<stdio.h>' or provide a declaration of 'printf'
   25 | #include "mpu6050.h" // Gyro
  +++ |+#include <stdio.h>
   26 | /* USER CODE END Includes */
../Core/Src/main.c:163:38: error: 'comp_data' undeclared (first use in this function)
  163 |  bme280_get_sensor_data(BME280_ALL, &comp_data, &bme280_d);
      |                                      ^~~~~~~~~
../Core/Src/main.c:163:50: error: 'bme280_d' undeclared (first use in this function); did you mean 'bme280_dev'?
  163 |  bme280_get_sensor_data(BME280_ALL, &comp_data, &bme280_d);
      |                                                  ^~~~~~~~
      |                                                  bme280_dev
../Core/Src/main.c:158:8: warning: variable 'holder' set but not used [-Wunused-but-set-variable]
  158 |  float holder;
      |        ^~~~~~
../Core/Src/main.c: In function 'main':
../Core/Src/main.c:225:2: error: 'bme280_d' undeclared (first use in this function); did you mean 'bme280_dev'?
  225 |  bme280_d.intf_ptr = &bme280_addr;
      |  ^~~~~~~~
      |  bme280_dev
../Core/Src/main.c:234:2: warning: implicit declaration of function 'stream_bme280_data_normal_mode' [-Wimplicit-function-declaration]
  234 |  stream_bme280_data_normal_mode(&bme280_d);
      |  ^~~~~~~~~~~~~~~~~~~~~~~~~~~~~~
../Core/Src/main.c:229:10: warning: unused variable 'check' [-Wunused-variable]
  229 |  uint8_t check,data;
      |          ^~~~~
make: *** [Core/Src/subdir.mk:40: Core/Src/main.o] Error 1
make: *** Waiting for unfinished jobs....
"make -j16 all" terminated with exit code 2. Build might be incomplete.
21:51:21 **** Incremental Build of configuration Debug for project payload_test22-23 ****
make -j16 all 
arm-none-eabi-gcc "../Core/Src/main.c" -mcpu=cortex-m3 -std=gnu11 -g3 -DDEBUG -DUSE_HAL_DRIVER -DSTM32F103xB -c -I../Core/Inc -I../Drivers/STM32F1xx_HAL_Driver/Inc -I../Drivers/STM32F1xx_HAL_Driver/Inc/Legacy -I../Drivers/CMSIS/Device/ST/STM32F1xx/Include -I../Drivers/CMSIS/Include -O0 -ffunction-sections -fdata-sections -Wall -fstack-usage -MMD -MP -MF"Core/Src/main.d" -MT"Core/Src/main.o" --specs=nano.specs -mfloat-abi=soft -mthumb -o "Core/Src/main.o"
../Core/Src/main.c: In function 'bme280_read':
../Core/Src/main.c:95:6: warning: implicit declaration of function 'strcpy' [-Wimplicit-function-declaration]
   95 |      strcpy((char*)buf, "BME Read Error \r\n");
      |      ^~~~~~
../Core/Src/main.c:95:6: warning: incompatible implicit declaration of built-in function 'strcpy'
../Core/Src/main.c:26:1: note: include '<string.h>' or provide a declaration of 'strcpy'
   25 | #include "mpu6050.h" // Gyro
  +++ |+#include <string.h>
   26 | /* USER CODE END Includes */
../Core/Src/main.c:100:6: warning: incompatible implicit declaration of built-in function 'strcpy'
  100 |      strcpy((char*)buf, "BME Read Transmitted \r\n");
      |      ^~~~~~
../Core/Src/main.c:100:6: note: include '<string.h>' or provide a declaration of 'strcpy'
../Core/Src/main.c: In function 'bme280_write':
../Core/Src/main.c:115:3: warning: incompatible implicit declaration of built-in function 'strcpy'
  115 |   strcpy((char*)buf, "BME Write Error Tx\r\n");
      |   ^~~~~~
../Core/Src/main.c:115:3: note: include '<string.h>' or provide a declaration of 'strcpy'
../Core/Src/main.c:120:3: warning: incompatible implicit declaration of built-in function 'strcpy'
  120 |   strcpy((char*)buf, "BME Write Transmitted \r\n");
      |   ^~~~~~
../Core/Src/main.c:120:3: note: include '<string.h>' or provide a declaration of 'strcpy'
../Core/Src/main.c:126:3: warning: incompatible implicit declaration of built-in function 'strcpy'
  126 |   strcpy((char*)buf, "BME Write Error Mem Write\r\n");
      |   ^~~~~~
../Core/Src/main.c:126:3: note: include '<string.h>' or provide a declaration of 'strcpy'
../Core/Src/main.c:131:3: warning: incompatible implicit declaration of built-in function 'strcpy'
  131 |   strcpy((char*)buf, "BME Written Mem Write \r\n");
      |   ^~~~~~
../Core/Src/main.c:131:3: note: include '<string.h>' or provide a declaration of 'strcpy'
../Core/Src/main.c: In function 'calculate_altitude':
../Core/Src/main.c:142:20: warning: implicit declaration of function 'pow' [-Wimplicit-function-declaration]
  142 |  double altitude = pow(p_over_pb, exp_term);
      |                    ^~~
../Core/Src/main.c:142:20: warning: incompatible implicit declaration of built-in function 'pow'
../Core/Src/main.c:26:1: note: include '<math.h>' or provide a declaration of 'pow'
   25 | #include "mpu6050.h" // Gyro
  +++ |+#include <math.h>
   26 | /* USER CODE END Includes */
../Core/Src/main.c: In function 'readSensors':
../Core/Src/main.c:154:2: warning: implicit declaration of function 'printf' [-Wimplicit-function-declaration]
  154 |  printf("BME280\n");
      |  ^~~~~~
../Core/Src/main.c:154:2: warning: incompatible implicit declaration of built-in function 'printf'
../Core/Src/main.c:26:1: note: include '<stdio.h>' or provide a declaration of 'printf'
   25 | #include "mpu6050.h" // Gyro
  +++ |+#include <stdio.h>
   26 | /* USER CODE END Includes */
../Core/Src/main.c:155:37: warning: passing argument 2 of 'bme280_get_sensor_data' discards 'volatile' qualifier from pointer target type [-Wdiscarded-qualifiers]
  155 |  bme280_get_sensor_data(BME280_ALL, &comp_data, &bme280_d);
      |                                     ^~~~~~~~~~
In file included from ../Core/Src/main.c:24:
../Core/Inc/bme280.h:317:72: note: expected 'struct bme280_data *' but argument is of type 'volatile struct bme280_data *'
  317 | int8_t bme280_get_sensor_data(uint8_t sensor_comp, struct bme280_data *comp_data, struct bme280_dev *dev);
      |                                                    ~~~~~~~~~~~~~~~~~~~~^~~~~~~~~
../Core/Src/main.c:155:49: warning: passing argument 3 of 'bme280_get_sensor_data' discards 'volatile' qualifier from pointer target type [-Wdiscarded-qualifiers]
  155 |  bme280_get_sensor_data(BME280_ALL, &comp_data, &bme280_d);
      |                                                 ^~~~~~~~~
In file included from ../Core/Src/main.c:24:
../Core/Inc/bme280.h:317:102: note: expected 'struct bme280_dev *' but argument is of type 'volatile struct bme280_dev *'
  317 | int8_t bme280_get_sensor_data(uint8_t sensor_comp, struct bme280_data *comp_data, struct bme280_dev *dev);
      |                                                                                   ~~~~~~~~~~~~~~~~~~~^~~
../Core/Src/main.c:157:47: warning: passing argument 1 of 'calculate_altitude' discards 'volatile' qualifier from pointer target type [-Wdiscarded-qualifiers]
  157 |  printf("calc. alt: %f\n", calculate_altitude(&comp_data));
      |                                               ^~~~~~~~~~
../Core/Src/main.c:137:48: note: expected 'struct bme280_data *' but argument is of type 'volatile struct bme280_data *'
  137 | double calculate_altitude(struct bme280_data * bd)
      |                           ~~~~~~~~~~~~~~~~~~~~~^~
../Core/Src/main.c:158:30: warning: passing argument 1 of 'calculate_altitude' discards 'volatile' qualifier from pointer target type [-Wdiscarded-qualifiers]
  158 |  holder = calculate_altitude(&comp_data);
      |                              ^~~~~~~~~~
../Core/Src/main.c:137:48: note: expected 'struct bme280_data *' but argument is of type 'volatile struct bme280_data *'
  137 | double calculate_altitude(struct bme280_data * bd)
      |                           ~~~~~~~~~~~~~~~~~~~~~^~
../Core/Src/main.c:150:8: warning: variable 'holder' set but not used [-Wunused-but-set-variable]
  150 |  float holder;
      |        ^~~~~~
../Core/Src/main.c: In function 'main':
../Core/Src/main.c:225:14: warning: passing argument 1 of 'bme280_init' discards 'volatile' qualifier from pointer target type [-Wdiscarded-qualifiers]
  225 |  bme280_init(&bme280_d);
      |              ^~~~~~~~~
In file included from ../Core/Src/main.c:24:
../Core/Inc/bme280.h:85:39: note: expected 'struct bme280_dev *' but argument is of type 'volatile struct bme280_dev *'
   85 | int8_t bme280_init(struct bme280_dev *dev);
      |                    ~~~~~~~~~~~~~~~~~~~^~~
../Core/Src/main.c:226:2: warning: implicit declaration of function 'stream_bme280_data_normal_mode' [-Wimplicit-function-declaration]
  226 |  stream_bme280_data_normal_mode(&bme280_d);
      |  ^~~~~~~~~~~~~~~~~~~~~~~~~~~~~~
../Core/Src/main.c:221:10: warning: unused variable 'check' [-Wunused-variable]
  221 |  uint8_t check,data;
      |          ^~~~~
arm-none-eabi-gcc -o "payload_test22-23.elf" @"objects.list"   -mcpu=cortex-m3 -T"C:\Users\shbyu\STM32CubeIDE\workspace_1.11.2\cansat_payload\payload22-23\payload_test22-23\STM32F103C8TX_FLASH.ld" --specs=nosys.specs -Wl,-Map="payload_test22-23.map" -Wl,--gc-sections -static --specs=nano.specs -mfloat-abi=soft -mthumb -u _printf_float -Wl,--start-group -lc -lm -Wl,--end-group
c:\st\stm32cubeide_1.11.2\stm32cubeide\plugins\com.st.stm32cube.ide.mcu.externaltools.gnu-tools-for-stm32.10.3-2021.10.win32_1.0.100.202210260954\tools\arm-none-eabi\bin\ld.exe: ./Core/Src/main.o: in function `main':
C:/Users/shbyu/STM32CubeIDE/workspace_1.11.2/cansat_payload/payload22-23/payload_test22-23/Debug/../Core/Src/main.c:226: undefined reference to `stream_bme280_data_normal_mode'
collect2.exe: error: ld returned 1 exit status
make: *** [makefile:64: payload_test22-23.elf] Error 1
"make -j16 all" terminated with exit code 2. Build might be incomplete.
21:51:52 **** Incremental Build of configuration Debug for project payload_test22-23 ****
make -j16 all 
arm-none-eabi-gcc "../Core/Src/main.c" -mcpu=cortex-m3 -std=gnu11 -g3 -DDEBUG -DUSE_HAL_DRIVER -DSTM32F103xB -c -I../Core/Inc -I../Drivers/STM32F1xx_HAL_Driver/Inc -I../Drivers/STM32F1xx_HAL_Driver/Inc/Legacy -I../Drivers/CMSIS/Device/ST/STM32F1xx/Include -I../Drivers/CMSIS/Include -O0 -ffunction-sections -fdata-sections -Wall -fstack-usage -MMD -MP -MF"Core/Src/main.d" -MT"Core/Src/main.o" --specs=nano.specs -mfloat-abi=soft -mthumb -o "Core/Src/main.o"
../Core/Src/main.c: In function 'bme280_read':
../Core/Src/main.c:95:6: warning: implicit declaration of function 'strcpy' [-Wimplicit-function-declaration]
   95 |      strcpy((char*)buf, "BME Read Error \r\n");
      |      ^~~~~~
../Core/Src/main.c:95:6: warning: incompatible implicit declaration of built-in function 'strcpy'
../Core/Src/main.c:26:1: note: include '<string.h>' or provide a declaration of 'strcpy'
   25 | #include "mpu6050.h" // Gyro
  +++ |+#include <string.h>
   26 | /* USER CODE END Includes */
../Core/Src/main.c:100:6: warning: incompatible implicit declaration of built-in function 'strcpy'
  100 |      strcpy((char*)buf, "BME Read Transmitted \r\n");
      |      ^~~~~~
../Core/Src/main.c:100:6: note: include '<string.h>' or provide a declaration of 'strcpy'
../Core/Src/main.c: In function 'bme280_write':
../Core/Src/main.c:115:3: warning: incompatible implicit declaration of built-in function 'strcpy'
  115 |   strcpy((char*)buf, "BME Write Error Tx\r\n");
      |   ^~~~~~
../Core/Src/main.c:115:3: note: include '<string.h>' or provide a declaration of 'strcpy'
../Core/Src/main.c:120:3: warning: incompatible implicit declaration of built-in function 'strcpy'
  120 |   strcpy((char*)buf, "BME Write Transmitted \r\n");
      |   ^~~~~~
../Core/Src/main.c:120:3: note: include '<string.h>' or provide a declaration of 'strcpy'
../Core/Src/main.c:126:3: warning: incompatible implicit declaration of built-in function 'strcpy'
  126 |   strcpy((char*)buf, "BME Write Error Mem Write\r\n");
      |   ^~~~~~
../Core/Src/main.c:126:3: note: include '<string.h>' or provide a declaration of 'strcpy'
../Core/Src/main.c:131:3: warning: incompatible implicit declaration of built-in function 'strcpy'
  131 |   strcpy((char*)buf, "BME Written Mem Write \r\n");
      |   ^~~~~~
../Core/Src/main.c:131:3: note: include '<string.h>' or provide a declaration of 'strcpy'
../Core/Src/main.c: In function 'calculate_altitude':
../Core/Src/main.c:142:20: warning: implicit declaration of function 'pow' [-Wimplicit-function-declaration]
  142 |  double altitude = pow(p_over_pb, exp_term);
      |                    ^~~
../Core/Src/main.c:142:20: warning: incompatible implicit declaration of built-in function 'pow'
../Core/Src/main.c:26:1: note: include '<math.h>' or provide a declaration of 'pow'
   25 | #include "mpu6050.h" // Gyro
  +++ |+#include <math.h>
   26 | /* USER CODE END Includes */
../Core/Src/main.c: In function 'readSensors':
../Core/Src/main.c:154:2: warning: implicit declaration of function 'printf' [-Wimplicit-function-declaration]
  154 |  printf("BME280\n");
      |  ^~~~~~
../Core/Src/main.c:154:2: warning: incompatible implicit declaration of built-in function 'printf'
../Core/Src/main.c:26:1: note: include '<stdio.h>' or provide a declaration of 'printf'
   25 | #include "mpu6050.h" // Gyro
  +++ |+#include <stdio.h>
   26 | /* USER CODE END Includes */
../Core/Src/main.c:155:37: warning: passing argument 2 of 'bme280_get_sensor_data' discards 'volatile' qualifier from pointer target type [-Wdiscarded-qualifiers]
  155 |  bme280_get_sensor_data(BME280_ALL, &comp_data, &bme280_d);
      |                                     ^~~~~~~~~~
In file included from ../Core/Src/main.c:24:
../Core/Inc/bme280.h:317:72: note: expected 'struct bme280_data *' but argument is of type 'volatile struct bme280_data *'
  317 | int8_t bme280_get_sensor_data(uint8_t sensor_comp, struct bme280_data *comp_data, struct bme280_dev *dev);
      |                                                    ~~~~~~~~~~~~~~~~~~~~^~~~~~~~~
../Core/Src/main.c:155:49: warning: passing argument 3 of 'bme280_get_sensor_data' discards 'volatile' qualifier from pointer target type [-Wdiscarded-qualifiers]
  155 |  bme280_get_sensor_data(BME280_ALL, &comp_data, &bme280_d);
      |                                                 ^~~~~~~~~
In file included from ../Core/Src/main.c:24:
../Core/Inc/bme280.h:317:102: note: expected 'struct bme280_dev *' but argument is of type 'volatile struct bme280_dev *'
  317 | int8_t bme280_get_sensor_data(uint8_t sensor_comp, struct bme280_data *comp_data, struct bme280_dev *dev);
      |                                                                                   ~~~~~~~~~~~~~~~~~~~^~~
../Core/Src/main.c:157:47: warning: passing argument 1 of 'calculate_altitude' discards 'volatile' qualifier from pointer target type [-Wdiscarded-qualifiers]
  157 |  printf("calc. alt: %f\n", calculate_altitude(&comp_data));
      |                                               ^~~~~~~~~~
../Core/Src/main.c:137:48: note: expected 'struct bme280_data *' but argument is of type 'volatile struct bme280_data *'
  137 | double calculate_altitude(struct bme280_data * bd)
      |                           ~~~~~~~~~~~~~~~~~~~~~^~
../Core/Src/main.c:158:30: warning: passing argument 1 of 'calculate_altitude' discards 'volatile' qualifier from pointer target type [-Wdiscarded-qualifiers]
  158 |  holder = calculate_altitude(&comp_data);
      |                              ^~~~~~~~~~
../Core/Src/main.c:137:48: note: expected 'struct bme280_data *' but argument is of type 'volatile struct bme280_data *'
  137 | double calculate_altitude(struct bme280_data * bd)
      |                           ~~~~~~~~~~~~~~~~~~~~~^~
../Core/Src/main.c:150:8: warning: variable 'holder' set but not used [-Wunused-but-set-variable]
  150 |  float holder;
      |        ^~~~~~
../Core/Src/main.c: In function 'main':
../Core/Src/main.c:225:14: warning: passing argument 1 of 'bme280_init' discards 'volatile' qualifier from pointer target type [-Wdiscarded-qualifiers]
  225 |  bme280_init(&bme280_d);
      |              ^~~~~~~~~
In file included from ../Core/Src/main.c:24:
../Core/Inc/bme280.h:85:39: note: expected 'struct bme280_dev *' but argument is of type 'volatile struct bme280_dev *'
   85 | int8_t bme280_init(struct bme280_dev *dev);
      |                    ~~~~~~~~~~~~~~~~~~~^~~
../Core/Src/main.c:221:10: warning: unused variable 'check' [-Wunused-variable]
  221 |  uint8_t check,data;
      |          ^~~~~
arm-none-eabi-gcc -o "payload_test22-23.elf" @"objects.list"   -mcpu=cortex-m3 -T"C:\Users\shbyu\STM32CubeIDE\workspace_1.11.2\cansat_payload\payload22-23\payload_test22-23\STM32F103C8TX_FLASH.ld" --specs=nosys.specs -Wl,-Map="payload_test22-23.map" -Wl,--gc-sections -static --specs=nano.specs -mfloat-abi=soft -mthumb -u _printf_float -Wl,--start-group -lc -lm -Wl,--end-group
Finished building target: payload_test22-23.elf
 
arm-none-eabi-size   payload_test22-23.elf 
arm-none-eabi-objdump -h -S  payload_test22-23.elf  > "payload_test22-23.list"
   text	   data	    bss	    dec	    hex	filename
  40736	    484	   1972	  43192	   a8b8	payload_test22-23.elf
Finished building: default.size.stdout
 
Finished building: payload_test22-23.list
 
21:53:12 **** Incremental Build of configuration Debug for project payload_test22-23 ****
make -j16 all 
arm-none-eabi-size   payload_test22-23.elf 
   text	   data	    bss	    dec	    hex	filename
  40736	    484	   1972	  43192	   a8b8	payload_test22-23.elf
Finished building: default.size.stdout
 
22:00:23 **** Incremental Build of configuration Debug for project payload_test22-23 ****
make -j16 all 
arm-none-eabi-size   payload_test22-23.elf 
   text	   data	    bss	    dec	    hex	filename
  40736	    484	   1972	  43192	   a8b8	payload_test22-23.elf
Finished building: default.size.stdout
 
22:04:41 **** Incremental Build of configuration Debug for project payload_test22-23 ****
make -j16 all 
arm-none-eabi-size   payload_test22-23.elf 
   text	   data	    bss	    dec	    hex	filename
  40736	    484	   1972	  43192	   a8b8	payload_test22-23.elf
Finished building: default.size.stdout
 
22:05:25 **** Incremental Build of configuration Debug for project payload_test22-23 ****
make -j16 all 
arm-none-eabi-size   payload_test22-23.elf 
   text	   data	    bss	    dec	    hex	filename
  40736	    484	   1972	  43192	   a8b8	payload_test22-23.elf
Finished building: default.size.stdout
 
22:07:15 **** Incremental Build of configuration Debug for project payload_test22-23 ****
make -j16 all 
arm-none-eabi-size   payload_test22-23.elf 
   text	   data	    bss	    dec	    hex	filename
  40736	    484	   1972	  43192	   a8b8	payload_test22-23.elf
Finished building: default.size.stdout
 
22:08:27 **** Incremental Build of configuration Debug for project payload_test22-23 ****
make -j16 all 
arm-none-eabi-size   payload_test22-23.elf 
   text	   data	    bss	    dec	    hex	filename
  40736	    484	   1972	  43192	   a8b8	payload_test22-23.elf
Finished building: default.size.stdout
 
22:08:42 **** Incremental Build of configuration Debug for project payload_test22-23 ****
make -j16 all 
arm-none-eabi-size   payload_test22-23.elf 
   text	   data	    bss	    dec	    hex	filename
  40736	    484	   1972	  43192	   a8b8	payload_test22-23.elf
Finished building: default.size.stdout
 
22:12:43 **** Incremental Build of configuration Debug for project payload_test22-23 ****
make -j16 all 
arm-none-eabi-size   payload_test22-23.elf 
   text	   data	    bss	    dec	    hex	filename
  40736	    484	   1972	  43192	   a8b8	payload_test22-23.elf
Finished building: default.size.stdout
 
22:14:23 **** Incremental Build of configuration Debug for project payload_test22-23 ****
make -j16 all 
arm-none-eabi-size   payload_test22-23.elf 
   text	   data	    bss	    dec	    hex	filename
  40736	    484	   1972	  43192	   a8b8	payload_test22-23.elf
Finished building: default.size.stdout
 
22:17:23 **** Incremental Build of configuration Debug for project payload_test22-23 ****
make -j16 all 
arm-none-eabi-size   payload_test22-23.elf 
   text	   data	    bss	    dec	    hex	filename
  40736	    484	   1972	  43192	   a8b8	payload_test22-23.elf
Finished building: default.size.stdout
 
22:17:38 **** Incremental Build of configuration Debug for project payload_test22-23 ****
make -j16 all 
arm-none-eabi-size   payload_test22-23.elf 
   text	   data	    bss	    dec	    hex	filename
  40736	    484	   1972	  43192	   a8b8	payload_test22-23.elf
Finished building: default.size.stdout
 
22:17:55 **** Incremental Build of configuration Debug for project payload_test22-23 ****
make -j16 all 
arm-none-eabi-size   payload_test22-23.elf 
   text	   data	    bss	    dec	    hex	filename
  40736	    484	   1972	  43192	   a8b8	payload_test22-23.elf
Finished building: default.size.stdout
 
22:20:28 **** Incremental Build of configuration Debug for project payload_test22-23 ****
make -j16 all 
arm-none-eabi-size   payload_test22-23.elf 
   text	   data	    bss	    dec	    hex	filename
  40736	    484	   1972	  43192	   a8b8	payload_test22-23.elf
Finished building: default.size.stdout
 
22:22:00 **** Incremental Build of configuration Debug for project payload_test22-23 ****
make -j16 all 
arm-none-eabi-size   payload_test22-23.elf 
   text	   data	    bss	    dec	    hex	filename
  40736	    484	   1972	  43192	   a8b8	payload_test22-23.elf
Finished building: default.size.stdout
 
22:43:14 **** Build of configuration Debug for project basetest ****
make -j16 all 
arm-none-eabi-gcc "../Drivers/STM32F1xx_HAL_Driver/Src/stm32f1xx_hal.c" -mcpu=cortex-m3 -std=gnu11 -g3 -DDEBUG -DUSE_HAL_DRIVER -DSTM32F103xB -c -I../Core/Inc -I../Drivers/STM32F1xx_HAL_Driver/Inc/Legacy -I../Drivers/STM32F1xx_HAL_Driver/Inc -I../Drivers/CMSIS/Device/ST/STM32F1xx/Include -I../Drivers/CMSIS/Include -O0 -ffunction-sections -fdata-sections -Wall -fstack-usage -MMD -MP -MF"Drivers/STM32F1xx_HAL_Driver/Src/stm32f1xx_hal.d" -MT"Drivers/STM32F1xx_HAL_Driver/Src/stm32f1xx_hal.o" --specs=nano.specs -mfloat-abi=soft -mthumb -o "Drivers/STM32F1xx_HAL_Driver/Src/stm32f1xx_hal.o"
arm-none-eabi-gcc "../Drivers/STM32F1xx_HAL_Driver/Src/stm32f1xx_hal_cortex.c" -mcpu=cortex-m3 -std=gnu11 -g3 -DDEBUG -DUSE_HAL_DRIVER -DSTM32F103xB -c -I../Core/Inc -I../Drivers/STM32F1xx_HAL_Driver/Inc/Legacy -I../Drivers/STM32F1xx_HAL_Driver/Inc -I../Drivers/CMSIS/Device/ST/STM32F1xx/Include -I../Drivers/CMSIS/Include -O0 -ffunction-sections -fdata-sections -Wall -fstack-usage -MMD -MP -MF"Drivers/STM32F1xx_HAL_Driver/Src/stm32f1xx_hal_cortex.d" -MT"Drivers/STM32F1xx_HAL_Driver/Src/stm32f1xx_hal_cortex.o" --specs=nano.specs -mfloat-abi=soft -mthumb -o "Drivers/STM32F1xx_HAL_Driver/Src/stm32f1xx_hal_cortex.o"
arm-none-eabi-gcc "../Drivers/STM32F1xx_HAL_Driver/Src/stm32f1xx_hal_dma.c" -mcpu=cortex-m3 -std=gnu11 -g3 -DDEBUG -DUSE_HAL_DRIVER -DSTM32F103xB -c -I../Core/Inc -I../Drivers/STM32F1xx_HAL_Driver/Inc/Legacy -I../Drivers/STM32F1xx_HAL_Driver/Inc -I../Drivers/CMSIS/Device/ST/STM32F1xx/Include -I../Drivers/CMSIS/Include -O0 -ffunction-sections -fdata-sections -Wall -fstack-usage -MMD -MP -MF"Drivers/STM32F1xx_HAL_Driver/Src/stm32f1xx_hal_dma.d" -MT"Drivers/STM32F1xx_HAL_Driver/Src/stm32f1xx_hal_dma.o" --specs=nano.specs -mfloat-abi=soft -mthumb -o "Drivers/STM32F1xx_HAL_Driver/Src/stm32f1xx_hal_dma.o"
arm-none-eabi-gcc "../Drivers/STM32F1xx_HAL_Driver/Src/stm32f1xx_hal_exti.c" -mcpu=cortex-m3 -std=gnu11 -g3 -DDEBUG -DUSE_HAL_DRIVER -DSTM32F103xB -c -I../Core/Inc -I../Drivers/STM32F1xx_HAL_Driver/Inc/Legacy -I../Drivers/STM32F1xx_HAL_Driver/Inc -I../Drivers/CMSIS/Device/ST/STM32F1xx/Include -I../Drivers/CMSIS/Include -O0 -ffunction-sections -fdata-sections -Wall -fstack-usage -MMD -MP -MF"Drivers/STM32F1xx_HAL_Driver/Src/stm32f1xx_hal_exti.d" -MT"Drivers/STM32F1xx_HAL_Driver/Src/stm32f1xx_hal_exti.o" --specs=nano.specs -mfloat-abi=soft -mthumb -o "Drivers/STM32F1xx_HAL_Driver/Src/stm32f1xx_hal_exti.o"
arm-none-eabi-gcc "../Drivers/STM32F1xx_HAL_Driver/Src/stm32f1xx_hal_flash.c" -mcpu=cortex-m3 -std=gnu11 -g3 -DDEBUG -DUSE_HAL_DRIVER -DSTM32F103xB -c -I../Core/Inc -I../Drivers/STM32F1xx_HAL_Driver/Inc/Legacy -I../Drivers/STM32F1xx_HAL_Driver/Inc -I../Drivers/CMSIS/Device/ST/STM32F1xx/Include -I../Drivers/CMSIS/Include -O0 -ffunction-sections -fdata-sections -Wall -fstack-usage -MMD -MP -MF"Drivers/STM32F1xx_HAL_Driver/Src/stm32f1xx_hal_flash.d" -MT"Drivers/STM32F1xx_HAL_Driver/Src/stm32f1xx_hal_flash.o" --specs=nano.specs -mfloat-abi=soft -mthumb -o "Drivers/STM32F1xx_HAL_Driver/Src/stm32f1xx_hal_flash.o"
arm-none-eabi-gcc "../Drivers/STM32F1xx_HAL_Driver/Src/stm32f1xx_hal_flash_ex.c" -mcpu=cortex-m3 -std=gnu11 -g3 -DDEBUG -DUSE_HAL_DRIVER -DSTM32F103xB -c -I../Core/Inc -I../Drivers/STM32F1xx_HAL_Driver/Inc/Legacy -I../Drivers/STM32F1xx_HAL_Driver/Inc -I../Drivers/CMSIS/Device/ST/STM32F1xx/Include -I../Drivers/CMSIS/Include -O0 -ffunction-sections -fdata-sections -Wall -fstack-usage -MMD -MP -MF"Drivers/STM32F1xx_HAL_Driver/Src/stm32f1xx_hal_flash_ex.d" -MT"Drivers/STM32F1xx_HAL_Driver/Src/stm32f1xx_hal_flash_ex.o" --specs=nano.specs -mfloat-abi=soft -mthumb -o "Drivers/STM32F1xx_HAL_Driver/Src/stm32f1xx_hal_flash_ex.o"
arm-none-eabi-gcc "../Drivers/STM32F1xx_HAL_Driver/Src/stm32f1xx_hal_gpio.c" -mcpu=cortex-m3 -std=gnu11 -g3 -DDEBUG -DUSE_HAL_DRIVER -DSTM32F103xB -c -I../Core/Inc -I../Drivers/STM32F1xx_HAL_Driver/Inc/Legacy -I../Drivers/STM32F1xx_HAL_Driver/Inc -I../Drivers/CMSIS/Device/ST/STM32F1xx/Include -I../Drivers/CMSIS/Include -O0 -ffunction-sections -fdata-sections -Wall -fstack-usage -MMD -MP -MF"Drivers/STM32F1xx_HAL_Driver/Src/stm32f1xx_hal_gpio.d" -MT"Drivers/STM32F1xx_HAL_Driver/Src/stm32f1xx_hal_gpio.o" --specs=nano.specs -mfloat-abi=soft -mthumb -o "Drivers/STM32F1xx_HAL_Driver/Src/stm32f1xx_hal_gpio.o"
arm-none-eabi-gcc "../Drivers/STM32F1xx_HAL_Driver/Src/stm32f1xx_hal_gpio_ex.c" -mcpu=cortex-m3 -std=gnu11 -g3 -DDEBUG -DUSE_HAL_DRIVER -DSTM32F103xB -c -I../Core/Inc -I../Drivers/STM32F1xx_HAL_Driver/Inc/Legacy -I../Drivers/STM32F1xx_HAL_Driver/Inc -I../Drivers/CMSIS/Device/ST/STM32F1xx/Include -I../Drivers/CMSIS/Include -O0 -ffunction-sections -fdata-sections -Wall -fstack-usage -MMD -MP -MF"Drivers/STM32F1xx_HAL_Driver/Src/stm32f1xx_hal_gpio_ex.d" -MT"Drivers/STM32F1xx_HAL_Driver/Src/stm32f1xx_hal_gpio_ex.o" --specs=nano.specs -mfloat-abi=soft -mthumb -o "Drivers/STM32F1xx_HAL_Driver/Src/stm32f1xx_hal_gpio_ex.o"
arm-none-eabi-gcc "../Drivers/STM32F1xx_HAL_Driver/Src/stm32f1xx_hal_pwr.c" -mcpu=cortex-m3 -std=gnu11 -g3 -DDEBUG -DUSE_HAL_DRIVER -DSTM32F103xB -c -I../Core/Inc -I../Drivers/STM32F1xx_HAL_Driver/Inc/Legacy -I../Drivers/STM32F1xx_HAL_Driver/Inc -I../Drivers/CMSIS/Device/ST/STM32F1xx/Include -I../Drivers/CMSIS/Include -O0 -ffunction-sections -fdata-sections -Wall -fstack-usage -MMD -MP -MF"Drivers/STM32F1xx_HAL_Driver/Src/stm32f1xx_hal_pwr.d" -MT"Drivers/STM32F1xx_HAL_Driver/Src/stm32f1xx_hal_pwr.o" --specs=nano.specs -mfloat-abi=soft -mthumb -o "Drivers/STM32F1xx_HAL_Driver/Src/stm32f1xx_hal_pwr.o"
arm-none-eabi-gcc "../Drivers/STM32F1xx_HAL_Driver/Src/stm32f1xx_hal_rcc.c" -mcpu=cortex-m3 -std=gnu11 -g3 -DDEBUG -DUSE_HAL_DRIVER -DSTM32F103xB -c -I../Core/Inc -I../Drivers/STM32F1xx_HAL_Driver/Inc/Legacy -I../Drivers/STM32F1xx_HAL_Driver/Inc -I../Drivers/CMSIS/Device/ST/STM32F1xx/Include -I../Drivers/CMSIS/Include -O0 -ffunction-sections -fdata-sections -Wall -fstack-usage -MMD -MP -MF"Drivers/STM32F1xx_HAL_Driver/Src/stm32f1xx_hal_rcc.d" -MT"Drivers/STM32F1xx_HAL_Driver/Src/stm32f1xx_hal_rcc.o" --specs=nano.specs -mfloat-abi=soft -mthumb -o "Drivers/STM32F1xx_HAL_Driver/Src/stm32f1xx_hal_rcc.o"
arm-none-eabi-gcc "../Drivers/STM32F1xx_HAL_Driver/Src/stm32f1xx_hal_rcc_ex.c" -mcpu=cortex-m3 -std=gnu11 -g3 -DDEBUG -DUSE_HAL_DRIVER -DSTM32F103xB -c -I../Core/Inc -I../Drivers/STM32F1xx_HAL_Driver/Inc/Legacy -I../Drivers/STM32F1xx_HAL_Driver/Inc -I../Drivers/CMSIS/Device/ST/STM32F1xx/Include -I../Drivers/CMSIS/Include -O0 -ffunction-sections -fdata-sections -Wall -fstack-usage -MMD -MP -MF"Drivers/STM32F1xx_HAL_Driver/Src/stm32f1xx_hal_rcc_ex.d" -MT"Drivers/STM32F1xx_HAL_Driver/Src/stm32f1xx_hal_rcc_ex.o" --specs=nano.specs -mfloat-abi=soft -mthumb -o "Drivers/STM32F1xx_HAL_Driver/Src/stm32f1xx_hal_rcc_ex.o"
arm-none-eabi-gcc -mcpu=cortex-m3 -g3 -DDEBUG -c -x assembler-with-cpp -MMD -MP -MF"Core/Startup/startup_stm32f103c8tx.d" -MT"Core/Startup/startup_stm32f103c8tx.o" --specs=nano.specs -mfloat-abi=soft -mthumb -o "Core/Startup/startup_stm32f103c8tx.o" "../Core/Startup/startup_stm32f103c8tx.s"
arm-none-eabi-gcc "../Core/Src/main.c" -mcpu=cortex-m3 -std=gnu11 -g3 -DDEBUG -DUSE_HAL_DRIVER -DSTM32F103xB -c -I../Core/Inc -I../Drivers/STM32F1xx_HAL_Driver/Inc/Legacy -I../Drivers/STM32F1xx_HAL_Driver/Inc -I../Drivers/CMSIS/Device/ST/STM32F1xx/Include -I../Drivers/CMSIS/Include -O0 -ffunction-sections -fdata-sections -Wall -fstack-usage -MMD -MP -MF"Core/Src/main.d" -MT"Core/Src/main.o" --specs=nano.specs -mfloat-abi=soft -mthumb -o "Core/Src/main.o"
arm-none-eabi-gcc "../Core/Src/stm32f1xx_hal_msp.c" -mcpu=cortex-m3 -std=gnu11 -g3 -DDEBUG -DUSE_HAL_DRIVER -DSTM32F103xB -c -I../Core/Inc -I../Drivers/STM32F1xx_HAL_Driver/Inc/Legacy -I../Drivers/STM32F1xx_HAL_Driver/Inc -I../Drivers/CMSIS/Device/ST/STM32F1xx/Include -I../Drivers/CMSIS/Include -O0 -ffunction-sections -fdata-sections -Wall -fstack-usage -MMD -MP -MF"Core/Src/stm32f1xx_hal_msp.d" -MT"Core/Src/stm32f1xx_hal_msp.o" --specs=nano.specs -mfloat-abi=soft -mthumb -o "Core/Src/stm32f1xx_hal_msp.o"
arm-none-eabi-gcc "../Core/Src/stm32f1xx_it.c" -mcpu=cortex-m3 -std=gnu11 -g3 -DDEBUG -DUSE_HAL_DRIVER -DSTM32F103xB -c -I../Core/Inc -I../Drivers/STM32F1xx_HAL_Driver/Inc/Legacy -I../Drivers/STM32F1xx_HAL_Driver/Inc -I../Drivers/CMSIS/Device/ST/STM32F1xx/Include -I../Drivers/CMSIS/Include -O0 -ffunction-sections -fdata-sections -Wall -fstack-usage -MMD -MP -MF"Core/Src/stm32f1xx_it.d" -MT"Core/Src/stm32f1xx_it.o" --specs=nano.specs -mfloat-abi=soft -mthumb -o "Core/Src/stm32f1xx_it.o"
arm-none-eabi-gcc "../Core/Src/syscalls.c" -mcpu=cortex-m3 -std=gnu11 -g3 -DDEBUG -DUSE_HAL_DRIVER -DSTM32F103xB -c -I../Core/Inc -I../Drivers/STM32F1xx_HAL_Driver/Inc/Legacy -I../Drivers/STM32F1xx_HAL_Driver/Inc -I../Drivers/CMSIS/Device/ST/STM32F1xx/Include -I../Drivers/CMSIS/Include -O0 -ffunction-sections -fdata-sections -Wall -fstack-usage -MMD -MP -MF"Core/Src/syscalls.d" -MT"Core/Src/syscalls.o" --specs=nano.specs -mfloat-abi=soft -mthumb -o "Core/Src/syscalls.o"
arm-none-eabi-gcc "../Core/Src/sysmem.c" -mcpu=cortex-m3 -std=gnu11 -g3 -DDEBUG -DUSE_HAL_DRIVER -DSTM32F103xB -c -I../Core/Inc -I../Drivers/STM32F1xx_HAL_Driver/Inc/Legacy -I../Drivers/STM32F1xx_HAL_Driver/Inc -I../Drivers/CMSIS/Device/ST/STM32F1xx/Include -I../Drivers/CMSIS/Include -O0 -ffunction-sections -fdata-sections -Wall -fstack-usage -MMD -MP -MF"Core/Src/sysmem.d" -MT"Core/Src/sysmem.o" --specs=nano.specs -mfloat-abi=soft -mthumb -o "Core/Src/sysmem.o"
arm-none-eabi-gcc "../Core/Src/system_stm32f1xx.c" -mcpu=cortex-m3 -std=gnu11 -g3 -DDEBUG -DUSE_HAL_DRIVER -DSTM32F103xB -c -I../Core/Inc -I../Drivers/STM32F1xx_HAL_Driver/Inc/Legacy -I../Drivers/STM32F1xx_HAL_Driver/Inc -I../Drivers/CMSIS/Device/ST/STM32F1xx/Include -I../Drivers/CMSIS/Include -O0 -ffunction-sections -fdata-sections -Wall -fstack-usage -MMD -MP -MF"Core/Src/system_stm32f1xx.d" -MT"Core/Src/system_stm32f1xx.o" --specs=nano.specs -mfloat-abi=soft -mthumb -o "Core/Src/system_stm32f1xx.o"
arm-none-eabi-gcc -o "basetest.elf" @"objects.list"   -mcpu=cortex-m3 -T"C:\Users\shbyu\STM32CubeIDE\workspace_1.11.2\cansat_payload\payload22-23\basetest\STM32F103C8TX_FLASH.ld" --specs=nosys.specs -Wl,-Map="basetest.map" -Wl,--gc-sections -static --specs=nano.specs -mfloat-abi=soft -mthumb -Wl,--start-group -lc -lm -Wl,--end-group
Finished building target: basetest.elf
 
arm-none-eabi-size   basetest.elf 
arm-none-eabi-objdump -h -S  basetest.elf  > "basetest.list"
   text	   data	    bss	    dec	    hex	filename
   3508	     20	   1572	   5100	   13ec	basetest.elf
Finished building: default.size.stdout
 
Finished building: basetest.list
 
22:43:30 **** Incremental Build of configuration Debug for project basetest ****
make -j16 all 
arm-none-eabi-size   basetest.elf 
   text	   data	    bss	    dec	    hex	filename
   3508	     20	   1572	   5100	   13ec	basetest.elf
Finished building: default.size.stdout
 
22:45:17 **** Incremental Build of configuration Debug for project basetest ****
make -j16 all 
arm-none-eabi-size   basetest.elf 
   text	   data	    bss	    dec	    hex	filename
   3508	     20	   1572	   5100	   13ec	basetest.elf
Finished building: default.size.stdout
 
22:59:48 **** Incremental Build of configuration Debug for project basetest ****
make -j16 all 
arm-none-eabi-size   basetest.elf 
   text	   data	    bss	    dec	    hex	filename
   3508	     20	   1572	   5100	   13ec	basetest.elf
Finished building: default.size.stdout
 
23:00:18 **** Incremental Build of configuration Debug for project basetest ****
make -j16 all 
arm-none-eabi-size   basetest.elf 
   text	   data	    bss	    dec	    hex	filename
   3508	     20	   1572	   5100	   13ec	basetest.elf
Finished building: default.size.stdout
 
23:02:50 **** Incremental Build of configuration Debug for project basetest ****
make -j16 all 
arm-none-eabi-size   basetest.elf 
   text	   data	    bss	    dec	    hex	filename
   3508	     20	   1572	   5100	   13ec	basetest.elf
Finished building: default.size.stdout
 
23:03:47 **** Incremental Build of configuration Debug for project basetest ****
make -j16 all 
arm-none-eabi-size   basetest.elf 
   text	   data	    bss	    dec	    hex	filename
   3508	     20	   1572	   5100	   13ec	basetest.elf
Finished building: default.size.stdout
 
23:03:54 **** Incremental Build of configuration Debug for project basetest ****
make -j16 all 
arm-none-eabi-size   basetest.elf 
   text	   data	    bss	    dec	    hex	filename
   3508	     20	   1572	   5100	   13ec	basetest.elf
Finished building: default.size.stdout
 
23:06:36 **** Incremental Build of configuration Debug for project basetest ****
make -j16 all 
arm-none-eabi-gcc "../Drivers/STM32F1xx_HAL_Driver/Src/stm32f1xx_hal.c" -mcpu=cortex-m3 -std=gnu11 -g3 -DDEBUG -DUSE_HAL_DRIVER -DSTM32F103xB -c -I../Core/Inc -I../Drivers/STM32F1xx_HAL_Driver/Inc/Legacy -I../Drivers/STM32F1xx_HAL_Driver/Inc -I../Drivers/CMSIS/Device/ST/STM32F1xx/Include -I../Drivers/CMSIS/Include -O0 -ffunction-sections -fdata-sections -Wall -fstack-usage -MMD -MP -MF"Drivers/STM32F1xx_HAL_Driver/Src/stm32f1xx_hal.d" -MT"Drivers/STM32F1xx_HAL_Driver/Src/stm32f1xx_hal.o" --specs=nano.specs -mfloat-abi=soft -mthumb -o "Drivers/STM32F1xx_HAL_Driver/Src/stm32f1xx_hal.o"
arm-none-eabi-gcc "../Drivers/STM32F1xx_HAL_Driver/Src/stm32f1xx_hal_cortex.c" -mcpu=cortex-m3 -std=gnu11 -g3 -DDEBUG -DUSE_HAL_DRIVER -DSTM32F103xB -c -I../Core/Inc -I../Drivers/STM32F1xx_HAL_Driver/Inc/Legacy -I../Drivers/STM32F1xx_HAL_Driver/Inc -I../Drivers/CMSIS/Device/ST/STM32F1xx/Include -I../Drivers/CMSIS/Include -O0 -ffunction-sections -fdata-sections -Wall -fstack-usage -MMD -MP -MF"Drivers/STM32F1xx_HAL_Driver/Src/stm32f1xx_hal_cortex.d" -MT"Drivers/STM32F1xx_HAL_Driver/Src/stm32f1xx_hal_cortex.o" --specs=nano.specs -mfloat-abi=soft -mthumb -o "Drivers/STM32F1xx_HAL_Driver/Src/stm32f1xx_hal_cortex.o"
arm-none-eabi-gcc "../Drivers/STM32F1xx_HAL_Driver/Src/stm32f1xx_hal_dma.c" -mcpu=cortex-m3 -std=gnu11 -g3 -DDEBUG -DUSE_HAL_DRIVER -DSTM32F103xB -c -I../Core/Inc -I../Drivers/STM32F1xx_HAL_Driver/Inc/Legacy -I../Drivers/STM32F1xx_HAL_Driver/Inc -I../Drivers/CMSIS/Device/ST/STM32F1xx/Include -I../Drivers/CMSIS/Include -O0 -ffunction-sections -fdata-sections -Wall -fstack-usage -MMD -MP -MF"Drivers/STM32F1xx_HAL_Driver/Src/stm32f1xx_hal_dma.d" -MT"Drivers/STM32F1xx_HAL_Driver/Src/stm32f1xx_hal_dma.o" --specs=nano.specs -mfloat-abi=soft -mthumb -o "Drivers/STM32F1xx_HAL_Driver/Src/stm32f1xx_hal_dma.o"
arm-none-eabi-gcc "../Drivers/STM32F1xx_HAL_Driver/Src/stm32f1xx_hal_exti.c" -mcpu=cortex-m3 -std=gnu11 -g3 -DDEBUG -DUSE_HAL_DRIVER -DSTM32F103xB -c -I../Core/Inc -I../Drivers/STM32F1xx_HAL_Driver/Inc/Legacy -I../Drivers/STM32F1xx_HAL_Driver/Inc -I../Drivers/CMSIS/Device/ST/STM32F1xx/Include -I../Drivers/CMSIS/Include -O0 -ffunction-sections -fdata-sections -Wall -fstack-usage -MMD -MP -MF"Drivers/STM32F1xx_HAL_Driver/Src/stm32f1xx_hal_exti.d" -MT"Drivers/STM32F1xx_HAL_Driver/Src/stm32f1xx_hal_exti.o" --specs=nano.specs -mfloat-abi=soft -mthumb -o "Drivers/STM32F1xx_HAL_Driver/Src/stm32f1xx_hal_exti.o"
arm-none-eabi-gcc "../Drivers/STM32F1xx_HAL_Driver/Src/stm32f1xx_hal_flash.c" -mcpu=cortex-m3 -std=gnu11 -g3 -DDEBUG -DUSE_HAL_DRIVER -DSTM32F103xB -c -I../Core/Inc -I../Drivers/STM32F1xx_HAL_Driver/Inc/Legacy -I../Drivers/STM32F1xx_HAL_Driver/Inc -I../Drivers/CMSIS/Device/ST/STM32F1xx/Include -I../Drivers/CMSIS/Include -O0 -ffunction-sections -fdata-sections -Wall -fstack-usage -MMD -MP -MF"Drivers/STM32F1xx_HAL_Driver/Src/stm32f1xx_hal_flash.d" -MT"Drivers/STM32F1xx_HAL_Driver/Src/stm32f1xx_hal_flash.o" --specs=nano.specs -mfloat-abi=soft -mthumb -o "Drivers/STM32F1xx_HAL_Driver/Src/stm32f1xx_hal_flash.o"
arm-none-eabi-gcc "../Drivers/STM32F1xx_HAL_Driver/Src/stm32f1xx_hal_flash_ex.c" -mcpu=cortex-m3 -std=gnu11 -g3 -DDEBUG -DUSE_HAL_DRIVER -DSTM32F103xB -c -I../Core/Inc -I../Drivers/STM32F1xx_HAL_Driver/Inc/Legacy -I../Drivers/STM32F1xx_HAL_Driver/Inc -I../Drivers/CMSIS/Device/ST/STM32F1xx/Include -I../Drivers/CMSIS/Include -O0 -ffunction-sections -fdata-sections -Wall -fstack-usage -MMD -MP -MF"Drivers/STM32F1xx_HAL_Driver/Src/stm32f1xx_hal_flash_ex.d" -MT"Drivers/STM32F1xx_HAL_Driver/Src/stm32f1xx_hal_flash_ex.o" --specs=nano.specs -mfloat-abi=soft -mthumb -o "Drivers/STM32F1xx_HAL_Driver/Src/stm32f1xx_hal_flash_ex.o"
arm-none-eabi-gcc "../Drivers/STM32F1xx_HAL_Driver/Src/stm32f1xx_hal_gpio.c" -mcpu=cortex-m3 -std=gnu11 -g3 -DDEBUG -DUSE_HAL_DRIVER -DSTM32F103xB -c -I../Core/Inc -I../Drivers/STM32F1xx_HAL_Driver/Inc/Legacy -I../Drivers/STM32F1xx_HAL_Driver/Inc -I../Drivers/CMSIS/Device/ST/STM32F1xx/Include -I../Drivers/CMSIS/Include -O0 -ffunction-sections -fdata-sections -Wall -fstack-usage -MMD -MP -MF"Drivers/STM32F1xx_HAL_Driver/Src/stm32f1xx_hal_gpio.d" -MT"Drivers/STM32F1xx_HAL_Driver/Src/stm32f1xx_hal_gpio.o" --specs=nano.specs -mfloat-abi=soft -mthumb -o "Drivers/STM32F1xx_HAL_Driver/Src/stm32f1xx_hal_gpio.o"
arm-none-eabi-gcc "../Drivers/STM32F1xx_HAL_Driver/Src/stm32f1xx_hal_gpio_ex.c" -mcpu=cortex-m3 -std=gnu11 -g3 -DDEBUG -DUSE_HAL_DRIVER -DSTM32F103xB -c -I../Core/Inc -I../Drivers/STM32F1xx_HAL_Driver/Inc/Legacy -I../Drivers/STM32F1xx_HAL_Driver/Inc -I../Drivers/CMSIS/Device/ST/STM32F1xx/Include -I../Drivers/CMSIS/Include -O0 -ffunction-sections -fdata-sections -Wall -fstack-usage -MMD -MP -MF"Drivers/STM32F1xx_HAL_Driver/Src/stm32f1xx_hal_gpio_ex.d" -MT"Drivers/STM32F1xx_HAL_Driver/Src/stm32f1xx_hal_gpio_ex.o" --specs=nano.specs -mfloat-abi=soft -mthumb -o "Drivers/STM32F1xx_HAL_Driver/Src/stm32f1xx_hal_gpio_ex.o"
arm-none-eabi-gcc "../Drivers/STM32F1xx_HAL_Driver/Src/stm32f1xx_hal_pwr.c" -mcpu=cortex-m3 -std=gnu11 -g3 -DDEBUG -DUSE_HAL_DRIVER -DSTM32F103xB -c -I../Core/Inc -I../Drivers/STM32F1xx_HAL_Driver/Inc/Legacy -I../Drivers/STM32F1xx_HAL_Driver/Inc -I../Drivers/CMSIS/Device/ST/STM32F1xx/Include -I../Drivers/CMSIS/Include -O0 -ffunction-sections -fdata-sections -Wall -fstack-usage -MMD -MP -MF"Drivers/STM32F1xx_HAL_Driver/Src/stm32f1xx_hal_pwr.d" -MT"Drivers/STM32F1xx_HAL_Driver/Src/stm32f1xx_hal_pwr.o" --specs=nano.specs -mfloat-abi=soft -mthumb -o "Drivers/STM32F1xx_HAL_Driver/Src/stm32f1xx_hal_pwr.o"
arm-none-eabi-gcc "../Drivers/STM32F1xx_HAL_Driver/Src/stm32f1xx_hal_rcc.c" -mcpu=cortex-m3 -std=gnu11 -g3 -DDEBUG -DUSE_HAL_DRIVER -DSTM32F103xB -c -I../Core/Inc -I../Drivers/STM32F1xx_HAL_Driver/Inc/Legacy -I../Drivers/STM32F1xx_HAL_Driver/Inc -I../Drivers/CMSIS/Device/ST/STM32F1xx/Include -I../Drivers/CMSIS/Include -O0 -ffunction-sections -fdata-sections -Wall -fstack-usage -MMD -MP -MF"Drivers/STM32F1xx_HAL_Driver/Src/stm32f1xx_hal_rcc.d" -MT"Drivers/STM32F1xx_HAL_Driver/Src/stm32f1xx_hal_rcc.o" --specs=nano.specs -mfloat-abi=soft -mthumb -o "Drivers/STM32F1xx_HAL_Driver/Src/stm32f1xx_hal_rcc.o"
arm-none-eabi-gcc "../Drivers/STM32F1xx_HAL_Driver/Src/stm32f1xx_hal_rcc_ex.c" -mcpu=cortex-m3 -std=gnu11 -g3 -DDEBUG -DUSE_HAL_DRIVER -DSTM32F103xB -c -I../Core/Inc -I../Drivers/STM32F1xx_HAL_Driver/Inc/Legacy -I../Drivers/STM32F1xx_HAL_Driver/Inc -I../Drivers/CMSIS/Device/ST/STM32F1xx/Include -I../Drivers/CMSIS/Include -O0 -ffunction-sections -fdata-sections -Wall -fstack-usage -MMD -MP -MF"Drivers/STM32F1xx_HAL_Driver/Src/stm32f1xx_hal_rcc_ex.d" -MT"Drivers/STM32F1xx_HAL_Driver/Src/stm32f1xx_hal_rcc_ex.o" --specs=nano.specs -mfloat-abi=soft -mthumb -o "Drivers/STM32F1xx_HAL_Driver/Src/stm32f1xx_hal_rcc_ex.o"
arm-none-eabi-gcc "../Drivers/STM32F1xx_HAL_Driver/Src/stm32f1xx_hal_tim.c" -mcpu=cortex-m3 -std=gnu11 -g3 -DDEBUG -DUSE_HAL_DRIVER -DSTM32F103xB -c -I../Core/Inc -I../Drivers/STM32F1xx_HAL_Driver/Inc/Legacy -I../Drivers/STM32F1xx_HAL_Driver/Inc -I../Drivers/CMSIS/Device/ST/STM32F1xx/Include -I../Drivers/CMSIS/Include -O0 -ffunction-sections -fdata-sections -Wall -fstack-usage -MMD -MP -MF"Drivers/STM32F1xx_HAL_Driver/Src/stm32f1xx_hal_tim.d" -MT"Drivers/STM32F1xx_HAL_Driver/Src/stm32f1xx_hal_tim.o" --specs=nano.specs -mfloat-abi=soft -mthumb -o "Drivers/STM32F1xx_HAL_Driver/Src/stm32f1xx_hal_tim.o"
arm-none-eabi-gcc "../Drivers/STM32F1xx_HAL_Driver/Src/stm32f1xx_hal_tim_ex.c" -mcpu=cortex-m3 -std=gnu11 -g3 -DDEBUG -DUSE_HAL_DRIVER -DSTM32F103xB -c -I../Core/Inc -I../Drivers/STM32F1xx_HAL_Driver/Inc/Legacy -I../Drivers/STM32F1xx_HAL_Driver/Inc -I../Drivers/CMSIS/Device/ST/STM32F1xx/Include -I../Drivers/CMSIS/Include -O0 -ffunction-sections -fdata-sections -Wall -fstack-usage -MMD -MP -MF"Drivers/STM32F1xx_HAL_Driver/Src/stm32f1xx_hal_tim_ex.d" -MT"Drivers/STM32F1xx_HAL_Driver/Src/stm32f1xx_hal_tim_ex.o" --specs=nano.specs -mfloat-abi=soft -mthumb -o "Drivers/STM32F1xx_HAL_Driver/Src/stm32f1xx_hal_tim_ex.o"
arm-none-eabi-gcc "../Core/Src/main.c" -mcpu=cortex-m3 -std=gnu11 -g3 -DDEBUG -DUSE_HAL_DRIVER -DSTM32F103xB -c -I../Core/Inc -I../Drivers/STM32F1xx_HAL_Driver/Inc/Legacy -I../Drivers/STM32F1xx_HAL_Driver/Inc -I../Drivers/CMSIS/Device/ST/STM32F1xx/Include -I../Drivers/CMSIS/Include -O0 -ffunction-sections -fdata-sections -Wall -fstack-usage -MMD -MP -MF"Core/Src/main.d" -MT"Core/Src/main.o" --specs=nano.specs -mfloat-abi=soft -mthumb -o "Core/Src/main.o"
arm-none-eabi-gcc "../Core/Src/stm32f1xx_hal_msp.c" -mcpu=cortex-m3 -std=gnu11 -g3 -DDEBUG -DUSE_HAL_DRIVER -DSTM32F103xB -c -I../Core/Inc -I../Drivers/STM32F1xx_HAL_Driver/Inc/Legacy -I../Drivers/STM32F1xx_HAL_Driver/Inc -I../Drivers/CMSIS/Device/ST/STM32F1xx/Include -I../Drivers/CMSIS/Include -O0 -ffunction-sections -fdata-sections -Wall -fstack-usage -MMD -MP -MF"Core/Src/stm32f1xx_hal_msp.d" -MT"Core/Src/stm32f1xx_hal_msp.o" --specs=nano.specs -mfloat-abi=soft -mthumb -o "Core/Src/stm32f1xx_hal_msp.o"
arm-none-eabi-gcc "../Core/Src/stm32f1xx_it.c" -mcpu=cortex-m3 -std=gnu11 -g3 -DDEBUG -DUSE_HAL_DRIVER -DSTM32F103xB -c -I../Core/Inc -I../Drivers/STM32F1xx_HAL_Driver/Inc/Legacy -I../Drivers/STM32F1xx_HAL_Driver/Inc -I../Drivers/CMSIS/Device/ST/STM32F1xx/Include -I../Drivers/CMSIS/Include -O0 -ffunction-sections -fdata-sections -Wall -fstack-usage -MMD -MP -MF"Core/Src/stm32f1xx_it.d" -MT"Core/Src/stm32f1xx_it.o" --specs=nano.specs -mfloat-abi=soft -mthumb -o "Core/Src/stm32f1xx_it.o"
arm-none-eabi-gcc "../Core/Src/system_stm32f1xx.c" -mcpu=cortex-m3 -std=gnu11 -g3 -DDEBUG -DUSE_HAL_DRIVER -DSTM32F103xB -c -I../Core/Inc -I../Drivers/STM32F1xx_HAL_Driver/Inc/Legacy -I../Drivers/STM32F1xx_HAL_Driver/Inc -I../Drivers/CMSIS/Device/ST/STM32F1xx/Include -I../Drivers/CMSIS/Include -O0 -ffunction-sections -fdata-sections -Wall -fstack-usage -MMD -MP -MF"Core/Src/system_stm32f1xx.d" -MT"Core/Src/system_stm32f1xx.o" --specs=nano.specs -mfloat-abi=soft -mthumb -o "Core/Src/system_stm32f1xx.o"
arm-none-eabi-gcc -o "basetest.elf" @"objects.list"   -mcpu=cortex-m3 -T"C:\Users\shbyu\STM32CubeIDE\workspace_1.11.2\cansat_payload\payload22-23\basetest\STM32F103C8TX_FLASH.ld" --specs=nosys.specs -Wl,-Map="basetest.map" -Wl,--gc-sections -static --specs=nano.specs -mfloat-abi=soft -mthumb -Wl,--start-group -lc -lm -Wl,--end-group
Finished building target: basetest.elf
 
arm-none-eabi-size   basetest.elf 
arm-none-eabi-objdump -h -S  basetest.elf  > "basetest.list"
   text	   data	    bss	    dec	    hex	filename
   3588	     20	   1572	   5180	   143c	basetest.elf
Finished building: default.size.stdout
 
Finished building: basetest.list
 
23:07:27 **** Incremental Build of configuration Debug for project basetest ****
make -j16 all 
arm-none-eabi-size   basetest.elf 
   text	   data	    bss	    dec	    hex	filename
   3588	     20	   1572	   5180	   143c	basetest.elf
Finished building: default.size.stdout
 
23:07:45 **** Incremental Build of configuration Debug for project basetest ****
make -j16 all 
arm-none-eabi-size   basetest.elf 
   text	   data	    bss	    dec	    hex	filename
   3588	     20	   1572	   5180	   143c	basetest.elf
Finished building: default.size.stdout
 
23:11:54 **** Incremental Build of configuration Debug for project basetest ****
make -j16 all 
arm-none-eabi-gcc -o "basetest.elf" @"objects.list"   -mcpu=cortex-m3 -T"C:\Users\shbyu\STM32CubeIDE\workspace_1.11.2\cansat_payload\payload22-23\basetest\STM32F103C8TX_FLASH.ld" --specs=nosys.specs -Wl,-Map="basetest.map" -Wl,--gc-sections -static --specs=nano.specs -mfloat-abi=soft -mthumb -Wl,--start-group -lc -lm -Wl,--end-group
Finished building target: basetest.elf
 
arm-none-eabi-size   basetest.elf 
arm-none-eabi-objdump -h -S  basetest.elf  > "basetest.list"
   text	   data	    bss	    dec	    hex	filename
   3588	     20	   1572	   5180	   143c	basetest.elf
Finished building: default.size.stdout
 
Finished building: basetest.list
 
23:14:25 **** Incremental Build of configuration Debug for project basetest ****
make -j16 all 
arm-none-eabi-size   basetest.elf 
   text	   data	    bss	    dec	    hex	filename
   3588	     20	   1572	   5180	   143c	basetest.elf
Finished building: default.size.stdout
 
23:15:19 **** Incremental Build of configuration Debug for project basetest ****
make -j16 all 
arm-none-eabi-size   basetest.elf 
   text	   data	    bss	    dec	    hex	filename
   3588	     20	   1572	   5180	   143c	basetest.elf
Finished building: default.size.stdout
 
23:16:54 **** Incremental Build of configuration Debug for project basetest ****
make -j16 all 
arm-none-eabi-size   basetest.elf 
   text	   data	    bss	    dec	    hex	filename
   3588	     20	   1572	   5180	   143c	basetest.elf
Finished building: default.size.stdout
 
23:17:16 **** Incremental Build of configuration Debug for project basetest ****
make -j16 all 
arm-none-eabi-size   basetest.elf 
   text	   data	    bss	    dec	    hex	filename
   3588	     20	   1572	   5180	   143c	basetest.elf
Finished building: default.size.stdout
 
